# JRE version: OpenJDK Runtime Environment Temurin-21.0.10+7 (21.0.10+7) (build 21.0.10+7-LTS)
# Java VM: OpenJDK 64-Bit Server VM Temurin-21.0.10+7 (21.0.10+7-LTS, mixed mode, sharing, tiered, compressed oops, compressed class ptrs, parallel gc, windows-amd64)
GC Precious Log:
 CardTable entry size: 512
 CPUs: 8 total, 8 available
 Memory: 3899M
 Large Page Support: Disabled
 NUMA Support: Disabled
 Compressed Oops: Enabled (32-bit)
 Alignments: Space 512K, Generation 512K, Heap 2M
 Heap Min Capacity: 100M
 Heap Initial Capacity: 100M
 Heap Max Capacity: 2G
 Pre-touch: Disabled
 Parallel Workers: 8
Heap:
 PSYoungGen      total 17408K, used 12159K [0x00000000d5580000, 0x00000000d7100000, 0x0000000100000000)
  eden space 16896K, 69% used [0x00000000d5580000,0x00000000d60e2d48,0x00000000d6600000)
  from space 512K, 97% used [0x00000000d7000000,0x00000000d707d200,0x00000000d7080000)
  to   space 5632K, 0% used [0x00000000d6600000,0x00000000d6600000,0x00000000d6b80000)
 ParOldGen       total 980992K, used 334761K [0x0000000080000000, 0x00000000bbe00000, 0x00000000d5580000)
  object space 980992K, 34% used [0x0000000080000000,0x00000000946ea638,0x00000000bbe00000)
 Metaspace       used 91665K, committed 93568K, reserved 1179648K
  class space    used 9410K, committed 10368K, reserved 1048576K
GC Heap History (20 events):
Event: 3478.429 GC heap before
{Heap before GC invocations=2164 (full 5):
 PSYoungGen      total 17408K, used 16979K [0x00000000d5580000, 0x00000000d7680000, 0x0000000100000000)
  eden space 16896K, 99% used [0x00000000d5580000,0x00000000d65e4ca0,0x00000000d6600000)
  from space 512K, 37% used [0x00000000d7600000,0x00000000d7630000,0x00000000d7680000)
  to   space 5632K, 0% used [0x00000000d6b80000,0x00000000d6b80000,0x00000000d7100000)
 ParOldGen       total 980992K, used 274797K [0x0000000080000000, 0x00000000bbe00000, 0x00000000d5580000)
  object space 980992K, 28% used [0x0000000080000000,0x0000000090c5b5c0,0x00000000bbe00000)
 Metaspace       used 91488K, committed 93440K, reserved 1179648K
  class space    used 9400K, committed 10368K, reserved 1048576K
}
Event: 3478.443 GC heap after
{Heap after GC invocations=2164 (full 5):
 PSYoungGen      total 22528K, used 4694K [0x00000000d5580000, 0x00000000d7680000, 0x0000000100000000)
  eden space 16896K, 0% used [0x00000000d5580000,0x00000000d5580000,0x00000000d6600000)
  from space 5632K, 83% used [0x00000000d6b80000,0x00000000d7015810,0x00000000d7100000)
  to   space 5632K, 0% used [0x00000000d7100000,0x00000000d7100000,0x00000000d7680000)
 ParOldGen       total 980992K, used 274845K [0x0000000080000000, 0x00000000bbe00000, 0x00000000d5580000)
  object space 980992K, 28% used [0x0000000080000000,0x0000000090c675c0,0x00000000bbe00000)
 Metaspace       used 91488K, committed 93440K, reserved 1179648K
  class space    used 9400K, committed 10368K, reserved 1048576K
}
Event: 3479.308 GC heap before
{Heap before GC invocations=2165 (full 5):
 PSYoungGen      total 22528K, used 21590K [0x00000000d5580000, 0x00000000d7680000, 0x0000000100000000)
  eden space 16896K, 100% used [0x00000000d5580000,0x00000000d6600000,0x00000000d6600000)
  from space 5632K, 83% used [0x00000000d6b80000,0x00000000d7015810,0x00000000d7100000)
  to   space 5632K, 0% used [0x00000000d7100000,0x00000000d7100000,0x00000000d7680000)
 ParOldGen       total 980992K, used 274845K [0x0000000080000000, 0x00000000bbe00000, 0x00000000d5580000)
  object space 980992K, 28% used [0x0000000080000000,0x0000000090c675c0,0x00000000bbe00000)
 Metaspace       used 91504K, committed 93440K, reserved 1179648K
  class space    used 9401K, committed 10368K, reserved 1048576K
}
Event: 3479.367 GC heap after
{Heap after GC invocations=2165 (full 5):
 PSYoungGen      total 18432K, used 1353K [0x00000000d5580000, 0x00000000d7280000, 0x0000000100000000)
  eden space 16896K, 0% used [0x00000000d5580000,0x00000000d5580000,0x00000000d6600000)
  from space 1536K, 88% used [0x00000000d7100000,0x00000000d7252480,0x00000000d7280000)
  to   space 3072K, 0% used [0x00000000d6c80000,0x00000000d6c80000,0x00000000d6f80000)
 ParOldGen       total 980992K, used 279486K [0x0000000080000000, 0x00000000bbe00000, 0x00000000d5580000)
  object space 980992K, 28% used [0x0000000080000000,0x00000000910efaa0,0x00000000bbe00000)
 Metaspace       used 91504K, committed 93440K, reserved 1179648K
  class space    used 9401K, committed 10368K, reserved 1048576K
}
Event: 3479.433 GC heap before
{Heap before GC invocations=2166 (full 5):
 PSYoungGen      total 18432K, used 18249K [0x00000000d5580000, 0x00000000d7280000, 0x0000000100000000)
  eden space 16896K, 100% used [0x00000000d5580000,0x00000000d6600000,0x00000000d6600000)
  from space 1536K, 88% used [0x00000000d7100000,0x00000000d7252480,0x00000000d7280000)
  to   space 3072K, 0% used [0x00000000d6c80000,0x00000000d6c80000,0x00000000d6f80000)
 ParOldGen       total 980992K, used 279486K [0x0000000080000000, 0x00000000bbe00000, 0x00000000d5580000)
  object space 980992K, 28% used [0x0000000080000000,0x00000000910efaa0,0x00000000bbe00000)
 Metaspace       used 91504K, committed 93440K, reserved 1179648K
  class space    used 9401K, committed 10368K, reserved 1048576K
}
Event: 3479.455 GC heap after
{Heap after GC invocations=2166 (full 5):
 PSYoungGen      total 19968K, used 634K [0x00000000d5580000, 0x00000000d7180000, 0x0000000100000000)
  eden space 16896K, 0% used [0x00000000d5580000,0x00000000d5580000,0x00000000d6600000)
  from space 3072K, 20% used [0x00000000d6c80000,0x00000000d6d1e900,0x00000000d6f80000)
  to   space 1536K, 0% used [0x00000000d7000000,0x00000000d7000000,0x00000000d7180000)
 ParOldGen       total 980992K, used 280869K [0x0000000080000000, 0x00000000bbe00000, 0x00000000d5580000)
  object space 980992K, 28% used [0x0000000080000000,0x0000000091249728,0x00000000bbe00000)
 Metaspace       used 91504K, committed 93440K, reserved 1179648K
  class space    used 9401K, committed 10368K, reserved 1048576K
}
Event: 3479.542 GC heap before
{Heap before GC invocations=2167 (full 5):
 PSYoungGen      total 19968K, used 17530K [0x00000000d5580000, 0x00000000d7180000, 0x0000000100000000)
  eden space 16896K, 100% used [0x00000000d5580000,0x00000000d6600000,0x00000000d6600000)
  from space 3072K, 20% used [0x00000000d6c80000,0x00000000d6d1e900,0x00000000d6f80000)
  to   space 1536K, 0% used [0x00000000d7000000,0x00000000d7000000,0x00000000d7180000)
 ParOldGen       total 980992K, used 280869K [0x0000000080000000, 0x00000000bbe00000, 0x00000000d5580000)
  object space 980992K, 28% used [0x0000000080000000,0x0000000091249728,0x00000000bbe00000)
 Metaspace       used 91504K, committed 93440K, reserved 1179648K
  class space    used 9401K, committed 10368K, reserved 1048576K
}
Event: 3479.545 GC heap after
{Heap after GC invocations=2167 (full 5):
 PSYoungGen      total 17920K, used 788K [0x00000000d5580000, 0x00000000d7100000, 0x0000000100000000)
  eden space 16896K, 0% used [0x00000000d5580000,0x00000000d5580000,0x00000000d6600000)
  from space 1024K, 77% used [0x00000000d7000000,0x00000000d70c5200,0x00000000d7100000)
  to   space 1024K, 0% used [0x00000000d6f00000,0x00000000d6f00000,0x00000000d7000000)
 ParOldGen       total 980992K, used 280917K [0x0000000080000000, 0x00000000bbe00000, 0x00000000d5580000)
  object space 980992K, 28% used [0x0000000080000000,0x0000000091255728,0x00000000bbe00000)
 Metaspace       used 91504K, committed 93440K, reserved 1179648K
  class space    used 9401K, committed 10368K, reserved 1048576K
}
Event: 3482.483 GC heap before
{Heap before GC invocations=2168 (full 5):
 PSYoungGen      total 17920K, used 17684K [0x00000000d5580000, 0x00000000d7100000, 0x0000000100000000)
  eden space 16896K, 100% used [0x00000000d5580000,0x00000000d6600000,0x00000000d6600000)
  from space 1024K, 77% used [0x00000000d7000000,0x00000000d70c5200,0x00000000d7100000)
  to   space 1024K, 0% used [0x00000000d6f00000,0x00000000d6f00000,0x00000000d7000000)
 ParOldGen       total 980992K, used 280917K [0x0000000080000000, 0x00000000bbe00000, 0x00000000d5580000)
  object space 980992K, 28% used [0x0000000080000000,0x0000000091255728,0x00000000bbe00000)
 Metaspace       used 91545K, committed 93440K, reserved 1179648K
  class space    used 9404K, committed 10368K, reserved 1048576K
}
Event: 3482.488 GC heap after
{Heap after GC invocations=2168 (full 5):
 PSYoungGen      total 17920K, used 804K [0x00000000d5580000, 0x00000000d7080000, 0x0000000100000000)
  eden space 16896K, 0% used [0x00000000d5580000,0x00000000d5580000,0x00000000d6600000)
  from space 1024K, 78% used [0x00000000d6f00000,0x00000000d6fc9250,0x00000000d7000000)
  to   space 512K, 0% used [0x00000000d7000000,0x00000000d7000000,0x00000000d7080000)
 ParOldGen       total 980992K, used 280957K [0x0000000080000000, 0x00000000bbe00000, 0x00000000d5580000)
  object space 980992K, 28% used [0x0000000080000000,0x000000009125f728,0x00000000bbe00000)
 Metaspace       used 91545K, committed 93440K, reserved 1179648K
  class space    used 9404K, committed 10368K, reserved 1048576K
}
Event: 3483.465 GC heap before
{Heap before GC invocations=2169 (full 5):
 PSYoungGen      total 17920K, used 17700K [0x00000000d5580000, 0x00000000d7080000, 0x0000000100000000)
  eden space 16896K, 100% used [0x00000000d5580000,0x00000000d6600000,0x00000000d6600000)
  from space 1024K, 78% used [0x00000000d6f00000,0x00000000d6fc9250,0x00000000d7000000)
  to   space 512K, 0% used [0x00000000d7000000,0x00000000d7000000,0x00000000d7080000)
 ParOldGen       total 980992K, used 280957K [0x0000000080000000, 0x00000000bbe00000, 0x00000000d5580000)
  object space 980992K, 28% used [0x0000000080000000,0x000000009125f728,0x00000000bbe00000)
 Metaspace       used 91583K, committed 93504K, reserved 1179648K
  class space    used 9410K, committed 10368K, reserved 1048576K
}
Event: 3485.607 GC heap after
{Heap after GC invocations=2169 (full 5):
 PSYoungGen      total 17408K, used 503K [0x00000000d5580000, 0x00000000d7080000, 0x0000000100000000)
  eden space 16896K, 0% used [0x00000000d5580000,0x00000000d5580000,0x00000000d6600000)
  from space 512K, 98% used [0x00000000d7000000,0x00000000d707df58,0x00000000d7080000)
  to   space 1024K, 0% used [0x00000000d6f00000,0x00000000d6f00000,0x00000000d7000000)
 ParOldGen       total 980992K, used 292572K [0x0000000080000000, 0x00000000bbe00000, 0x00000000d5580000)
  object space 980992K, 29% used [0x0000000080000000,0x0000000091db7028,0x00000000bbe00000)
 Metaspace       used 91583K, committed 93504K, reserved 1179648K
  class space    used 9410K, committed 10368K, reserved 1048576K
}
Event: 3485.762 GC heap before
{Heap before GC invocations=2170 (full 5):
 PSYoungGen      total 17408K, used 17371K [0x00000000d5580000, 0x00000000d7080000, 0x0000000100000000)
  eden space 16896K, 99% used [0x00000000d5580000,0x00000000d65f8cc0,0x00000000d6600000)
  from space 512K, 98% used [0x00000000d7000000,0x00000000d707df58,0x00000000d7080000)
  to   space 1024K, 0% used [0x00000000d6f00000,0x00000000d6f00000,0x00000000d7000000)
 ParOldGen       total 980992K, used 292572K [0x0000000080000000, 0x00000000bbe00000, 0x00000000d5580000)
  object space 980992K, 29% used [0x0000000080000000,0x0000000091db7028,0x00000000bbe00000)
 Metaspace       used 91621K, committed 93504K, reserved 1179648K
  class space    used 9410K, committed 10368K, reserved 1048576K
}
Event: 3487.845 GC heap after
{Heap after GC invocations=2170 (full 5):
 PSYoungGen      total 17920K, used 1013K [0x00000000d5580000, 0x00000000d7080000, 0x0000000100000000)
  eden space 16896K, 0% used [0x00000000d5580000,0x00000000d5580000,0x00000000d6600000)
  from space 1024K, 98% used [0x00000000d6f00000,0x00000000d6ffd640,0x00000000d7000000)
  to   space 512K, 0% used [0x00000000d7000000,0x00000000d7000000,0x00000000d7080000)
 ParOldGen       total 980992K, used 297650K [0x0000000080000000, 0x00000000bbe00000, 0x00000000d5580000)
  object space 980992K, 30% used [0x0000000080000000,0x00000000922acab0,0x00000000bbe00000)
 Metaspace       used 91621K, committed 93504K, reserved 1179648K
  class space    used 9410K, committed 10368K, reserved 1048576K
}
Event: 3488.076 GC heap before
{Heap before GC invocations=2171 (full 5):
 PSYoungGen      total 17920K, used 17909K [0x00000000d5580000, 0x00000000d7080000, 0x0000000100000000)
  eden space 16896K, 100% used [0x00000000d5580000,0x00000000d6600000,0x00000000d6600000)
  from space 1024K, 98% used [0x00000000d6f00000,0x00000000d6ffd640,0x00000000d7000000)
  to   space 512K, 0% used [0x00000000d7000000,0x00000000d7000000,0x00000000d7080000)
 ParOldGen       total 980992K, used 297650K [0x0000000080000000, 0x00000000bbe00000, 0x00000000d5580000)
  object space 980992K, 30% used [0x0000000080000000,0x00000000922acab0,0x00000000bbe00000)
 Metaspace       used 91629K, committed 93568K, reserved 1179648K
  class space    used 9410K, committed 10368K, reserved 1048576K
}
Event: 3490.202 GC heap after
{Heap after GC invocations=2171 (full 5):
 PSYoungGen      total 17408K, used 512K [0x00000000d5580000, 0x00000000d7080000, 0x0000000100000000)
  eden space 16896K, 0% used [0x00000000d5580000,0x00000000d5580000,0x00000000d6600000)
  from space 512K, 100% used [0x00000000d7000000,0x00000000d7080000,0x00000000d7080000)
  to   space 1024K, 0% used [0x00000000d6f00000,0x00000000d6f00000,0x00000000d7000000)
 ParOldGen       total 980992K, used 312180K [0x0000000080000000, 0x00000000bbe00000, 0x00000000d5580000)
  object space 980992K, 31% used [0x0000000080000000,0x00000000930dd348,0x00000000bbe00000)
 Metaspace       used 91629K, committed 93568K, reserved 1179648K
  class space    used 9410K, committed 10368K, reserved 1048576K
}
Event: 3490.846 GC heap before
{Heap before GC invocations=2172 (full 5):
 PSYoungGen      total 17408K, used 17408K [0x00000000d5580000, 0x00000000d7080000, 0x0000000100000000)
  eden space 16896K, 100% used [0x00000000d5580000,0x00000000d6600000,0x00000000d6600000)
  from space 512K, 100% used [0x00000000d7000000,0x00000000d7080000,0x00000000d7080000)
  to   space 1024K, 0% used [0x00000000d6f00000,0x00000000d6f00000,0x00000000d7000000)
 ParOldGen       total 980992K, used 323700K [0x0000000080000000, 0x00000000bbe00000, 0x00000000d5580000)
  object space 980992K, 32% used [0x0000000080000000,0x0000000093c1d358,0x00000000bbe00000)
 Metaspace       used 91639K, committed 93568K, reserved 1179648K
  class space    used 9410K, committed 10368K, reserved 1048576K
}
Event: 3493.049 GC heap after
{Heap after GC invocations=2172 (full 5):
 PSYoungGen      total 17920K, used 1018K [0x00000000d5580000, 0x00000000d7080000, 0x0000000100000000)
  eden space 16896K, 0% used [0x00000000d5580000,0x00000000d5580000,0x00000000d6600000)
  from space 1024K, 99% used [0x00000000d6f00000,0x00000000d6ffe920,0x00000000d7000000)
  to   space 512K, 0% used [0x00000000d7000000,0x00000000d7000000,0x00000000d7080000)
 ParOldGen       total 980992K, used 333503K [0x0000000080000000, 0x00000000bbe00000, 0x00000000d5580000)
  object space 980992K, 33% used [0x0000000080000000,0x00000000945afca8,0x00000000bbe00000)
 Metaspace       used 91639K, committed 93568K, reserved 1179648K
  class space    used 9410K, committed 10368K, reserved 1048576K
}
Event: 3493.076 GC heap before
{Heap before GC invocations=2173 (full 5):
 PSYoungGen      total 17920K, used 17914K [0x00000000d5580000, 0x00000000d7080000, 0x0000000100000000)
  eden space 16896K, 100% used [0x00000000d5580000,0x00000000d6600000,0x00000000d6600000)
  from space 1024K, 99% used [0x00000000d6f00000,0x00000000d6ffe920,0x00000000d7000000)
  to   space 512K, 0% used [0x00000000d7000000,0x00000000d7000000,0x00000000d7080000)
 ParOldGen       total 980992K, used 333503K [0x0000000080000000, 0x00000000bbe00000, 0x00000000d5580000)
  object space 980992K, 33% used [0x0000000080000000,0x00000000945afca8,0x00000000bbe00000)
 Metaspace       used 91642K, committed 93568K, reserved 1179648K
  class space    used 9410K, committed 10368K, reserved 1048576K
}
Event: 3493.086 GC heap after
{Heap after GC invocations=2173 (full 5):
 PSYoungGen      total 17408K, used 500K [0x00000000d5580000, 0x00000000d7100000, 0x0000000100000000)
  eden space 16896K, 0% used [0x00000000d5580000,0x00000000d5580000,0x00000000d6600000)
  from space 512K, 97% used [0x00000000d7000000,0x00000000d707d200,0x00000000d7080000)
  to   space 5632K, 0% used [0x00000000d6600000,0x00000000d6600000,0x00000000d6b80000)
 ParOldGen       total 980992K, used 334761K [0x0000000080000000, 0x00000000bbe00000, 0x00000000d5580000)
  object space 980992K, 34% used [0x0000000080000000,0x00000000946ea638,0x00000000bbe00000)
 Metaspace       used 91642K, committed 93568K, reserved 1179648K
  class space    used 9410K, committed 10368K, reserved 1048576K
}

