# JRE version: OpenJDK Runtime Environment Temurin-21.0.9+10 (21.0.9+10) (build 21.0.9+10-LTS)
# Java VM: OpenJDK 64-Bit Server VM Temurin-21.0.9+10 (21.0.9+10-LTS, mixed mode, sharing, tiered, compressed oops, compressed class ptrs, parallel gc, windows-amd64)
GC Precious Log:
 CardTable entry size: 512
 CPUs: 8 total, 8 available
 Memory: 3899M
 Large Page Support: Disabled
 NUMA Support: Disabled
 Compressed Oops: Enabled (32-bit)
 Alignments: Space 512K, Generation 512K, Heap 2M
 Heap Min Capacity: 100M
 Heap Initial Capacity: 100M
 Heap Max Capacity: 2G
 Pre-touch: Disabled
 Parallel Workers: 8
Heap:
 PSYoungGen      total 26624K, used 4958K [0x00000000d5580000, 0x00000000d7700000, 0x0000000100000000)
  eden space 24576K, 13% used [0x00000000d5580000,0x00000000d58d5538,0x00000000d6d80000)
  from space 2048K, 75% used [0x00000000d7200000,0x00000000d7382420,0x00000000d7400000)
  to   space 2048K, 0% used [0x00000000d7500000,0x00000000d7500000,0x00000000d7700000)
 ParOldGen       total 212992K, used 212528K [0x0000000080000000, 0x000000008d000000, 0x00000000d5580000)
  object space 212992K, 99% used [0x0000000080000000,0x000000008cf8c0c0,0x000000008d000000)
 Metaspace       used 70441K, committed 72064K, reserved 1114112K
  class space    used 7402K, committed 8064K, reserved 1048576K
GC Heap History (20 events):
Event: 216.043 GC heap before
{Heap before GC invocations=101 (full 3):
 PSYoungGen      total 30208K, used 29617K [0x00000000d5580000, 0x00000000d8180000, 0x0000000100000000)
  eden space 29696K, 98% used [0x00000000d5580000,0x00000000d7234498,0x00000000d7280000)
  from space 512K, 43% used [0x00000000d8080000,0x00000000d80b8000,0x00000000d8100000)
  to   space 512K, 0% used [0x00000000d8100000,0x00000000d8100000,0x00000000d8180000)
 ParOldGen       total 164864K, used 164465K [0x0000000080000000, 0x000000008a100000, 0x00000000d5580000)
  object space 164864K, 99% used [0x0000000080000000,0x000000008a09c468,0x000000008a100000)
 Metaspace       used 65752K, committed 67392K, reserved 1114112K
  class space    used 6943K, committed 7616K, reserved 1048576K
}
Event: 216.178 GC heap after
{Heap after GC invocations=101 (full 3):
 PSYoungGen      total 29696K, used 498K [0x00000000d5580000, 0x00000000d8180000, 0x0000000100000000)
  eden space 29184K, 0% used [0x00000000d5580000,0x00000000d5580000,0x00000000d7200000)
  from space 512K, 97% used [0x00000000d8100000,0x00000000d817cab0,0x00000000d8180000)
  to   space 1536K, 0% used [0x00000000d7e80000,0x00000000d7e80000,0x00000000d8000000)
 ParOldGen       total 165376K, used 165272K [0x0000000080000000, 0x000000008a180000, 0x00000000d5580000)
  object space 165376K, 99% used [0x0000000080000000,0x000000008a1660b0,0x000000008a180000)
 Metaspace       used 65752K, committed 67392K, reserved 1114112K
  class space    used 6943K, committed 7616K, reserved 1048576K
}
Event: 219.174 GC heap before
{Heap before GC invocations=102 (full 3):
 PSYoungGen      total 29696K, used 29682K [0x00000000d5580000, 0x00000000d8180000, 0x0000000100000000)
  eden space 29184K, 100% used [0x00000000d5580000,0x00000000d7200000,0x00000000d7200000)
  from space 512K, 97% used [0x00000000d8100000,0x00000000d817cab0,0x00000000d8180000)
  to   space 1536K, 0% used [0x00000000d7e80000,0x00000000d7e80000,0x00000000d8000000)
 ParOldGen       total 165376K, used 165272K [0x0000000080000000, 0x000000008a180000, 0x00000000d5580000)
  object space 165376K, 99% used [0x0000000080000000,0x000000008a1660b0,0x000000008a180000)
 Metaspace       used 66531K, committed 68224K, reserved 1114112K
  class space    used 7058K, committed 7744K, reserved 1048576K
}
Event: 219.192 GC heap after
{Heap after GC invocations=102 (full 3):
 PSYoungGen      total 30208K, used 1531K [0x00000000d5580000, 0x00000000d8180000, 0x0000000100000000)
  eden space 28672K, 0% used [0x00000000d5580000,0x00000000d5580000,0x00000000d7180000)
  from space 1536K, 99% used [0x00000000d7e80000,0x00000000d7ffecd8,0x00000000d8000000)
  to   space 1536K, 0% used [0x00000000d8000000,0x00000000d8000000,0x00000000d8180000)
 ParOldGen       total 166400K, used 166376K [0x0000000080000000, 0x000000008a280000, 0x00000000d5580000)
  object space 166400K, 99% used [0x0000000080000000,0x000000008a27a358,0x000000008a280000)
 Metaspace       used 66531K, committed 68224K, reserved 1114112K
  class space    used 7058K, committed 7744K, reserved 1048576K
}
Event: 239.345 GC heap before
{Heap before GC invocations=103 (full 3):
 PSYoungGen      total 30208K, used 30203K [0x00000000d5580000, 0x00000000d8180000, 0x0000000100000000)
  eden space 28672K, 100% used [0x00000000d5580000,0x00000000d7180000,0x00000000d7180000)
  from space 1536K, 99% used [0x00000000d7e80000,0x00000000d7ffecd8,0x00000000d8000000)
  to   space 1536K, 0% used [0x00000000d8000000,0x00000000d8000000,0x00000000d8180000)
 ParOldGen       total 166400K, used 166376K [0x0000000080000000, 0x000000008a280000, 0x00000000d5580000)
  object space 166400K, 99% used [0x0000000080000000,0x000000008a27a358,0x000000008a280000)
 Metaspace       used 67593K, committed 69248K, reserved 1114112K
  class space    used 7178K, committed 7872K, reserved 1048576K
}
Event: 239.477 GC heap after
{Heap after GC invocations=103 (full 3):
 PSYoungGen      total 29696K, used 1533K [0x00000000d5580000, 0x00000000d8500000, 0x0000000100000000)
  eden space 28160K, 0% used [0x00000000d5580000,0x00000000d5580000,0x00000000d7100000)
  from space 1536K, 99% used [0x00000000d8000000,0x00000000d817f798,0x00000000d8180000)
  to   space 10240K, 0% used [0x00000000d7100000,0x00000000d7100000,0x00000000d7b00000)
 ParOldGen       total 173568K, used 173553K [0x0000000080000000, 0x000000008a980000, 0x00000000d5580000)
  object space 173568K, 99% used [0x0000000080000000,0x000000008a97c630,0x000000008a980000)
 Metaspace       used 67593K, committed 69248K, reserved 1114112K
  class space    used 7178K, committed 7872K, reserved 1048576K
}
Event: 459.294 GC heap before
{Heap before GC invocations=104 (full 3):
 PSYoungGen      total 29696K, used 29066K [0x00000000d5580000, 0x00000000d8500000, 0x0000000100000000)
  eden space 28160K, 97% used [0x00000000d5580000,0x00000000d7063438,0x00000000d7100000)
  from space 1536K, 99% used [0x00000000d8000000,0x00000000d817f798,0x00000000d8180000)
  to   space 10240K, 0% used [0x00000000d7100000,0x00000000d7100000,0x00000000d7b00000)
 ParOldGen       total 173568K, used 173553K [0x0000000080000000, 0x000000008a980000, 0x00000000d5580000)
  object space 173568K, 99% used [0x0000000080000000,0x000000008a97c630,0x000000008a980000)
 Metaspace       used 67921K, committed 69568K, reserved 1114112K
  class space    used 7200K, committed 7872K, reserved 1048576K
}
Event: 460.391 GC heap after
{Heap after GC invocations=104 (full 3):
 PSYoungGen      total 36864K, used 8720K [0x00000000d5580000, 0x00000000d8280000, 0x0000000100000000)
  eden space 27648K, 0% used [0x00000000d5580000,0x00000000d5580000,0x00000000d7080000)
  from space 9216K, 94% used [0x00000000d7100000,0x00000000d7984060,0x00000000d7a00000)
  to   space 8704K, 0% used [0x00000000d7a00000,0x00000000d7a00000,0x00000000d8280000)
 ParOldGen       total 185856K, used 185465K [0x0000000080000000, 0x000000008b580000, 0x00000000d5580000)
  object space 185856K, 99% used [0x0000000080000000,0x000000008b51e650,0x000000008b580000)
 Metaspace       used 67921K, committed 69568K, reserved 1114112K
  class space    used 7200K, committed 7872K, reserved 1048576K
}
Event: 527.694 GC heap before
{Heap before GC invocations=105 (full 3):
 PSYoungGen      total 36864K, used 34009K [0x00000000d5580000, 0x00000000d8280000, 0x0000000100000000)
  eden space 27648K, 91% used [0x00000000d5580000,0x00000000d6e323a8,0x00000000d7080000)
  from space 9216K, 94% used [0x00000000d7100000,0x00000000d7984060,0x00000000d7a00000)
  to   space 8704K, 0% used [0x00000000d7a00000,0x00000000d7a00000,0x00000000d8280000)
 ParOldGen       total 185856K, used 185465K [0x0000000080000000, 0x000000008b580000, 0x00000000d5580000)
  object space 185856K, 99% used [0x0000000080000000,0x000000008b51e650,0x000000008b580000)
 Metaspace       used 68242K, committed 69888K, reserved 1114112K
  class space    used 7230K, committed 7936K, reserved 1048576K
}
Event: 528.209 GC heap after
{Heap after GC invocations=105 (full 3):
 PSYoungGen      total 35840K, used 8208K [0x00000000d5580000, 0x00000000d8280000, 0x0000000100000000)
  eden space 27136K, 0% used [0x00000000d5580000,0x00000000d5580000,0x00000000d7000000)
  from space 8704K, 94% used [0x00000000d7a00000,0x00000000d8204040,0x00000000d8280000)
  to   space 8704K, 0% used [0x00000000d7180000,0x00000000d7180000,0x00000000d7a00000)
 ParOldGen       total 186368K, used 186161K [0x0000000080000000, 0x000000008b600000, 0x00000000d5580000)
  object space 186368K, 99% used [0x0000000080000000,0x000000008b5cc690,0x000000008b600000)
 Metaspace       used 68242K, committed 69888K, reserved 1114112K
  class space    used 7230K, committed 7936K, reserved 1048576K
}
Event: 3323.560 GC heap before
{Heap before GC invocations=106 (full 3):
 PSYoungGen      total 35840K, used 35321K [0x00000000d5580000, 0x00000000d8280000, 0x0000000100000000)
  eden space 27136K, 99% used [0x00000000d5580000,0x00000000d6ffa6b8,0x00000000d7000000)
  from space 8704K, 94% used [0x00000000d7a00000,0x00000000d8204040,0x00000000d8280000)
  to   space 8704K, 0% used [0x00000000d7180000,0x00000000d7180000,0x00000000d7a00000)
 ParOldGen       total 186368K, used 186161K [0x0000000080000000, 0x000000008b600000, 0x00000000d5580000)
  object space 186368K, 99% used [0x0000000080000000,0x000000008b5cc690,0x000000008b600000)
 Metaspace       used 68330K, committed 70016K, reserved 1114112K
  class space    used 7230K, committed 7936K, reserved 1048576K
}
Event: 3324.386 GC heap after
{Heap after GC invocations=106 (full 3):
 PSYoungGen      total 27136K, used 320K [0x00000000d5580000, 0x00000000d7a80000, 0x0000000100000000)
  eden space 26624K, 0% used [0x00000000d5580000,0x00000000d5580000,0x00000000d6f80000)
  from space 512K, 62% used [0x00000000d7180000,0x00000000d71d0000,0x00000000d7200000)
  to   space 3584K, 0% used [0x00000000d7700000,0x00000000d7700000,0x00000000d7a80000)
 ParOldGen       total 186368K, used 186297K [0x0000000080000000, 0x000000008b600000, 0x00000000d5580000)
  object space 186368K, 99% used [0x0000000080000000,0x000000008b5ee690,0x000000008b600000)
 Metaspace       used 68330K, committed 70016K, reserved 1114112K
  class space    used 7230K, committed 7936K, reserved 1048576K
}
Event: 3326.558 GC heap before
{Heap before GC invocations=107 (full 3):
 PSYoungGen      total 27136K, used 20809K [0x00000000d5580000, 0x00000000d7a80000, 0x0000000100000000)
  eden space 26624K, 76% used [0x00000000d5580000,0x00000000d69824e8,0x00000000d6f80000)
  from space 512K, 62% used [0x00000000d7180000,0x00000000d71d0000,0x00000000d7200000)
  to   space 3584K, 0% used [0x00000000d7700000,0x00000000d7700000,0x00000000d7a80000)
 ParOldGen       total 186368K, used 186297K [0x0000000080000000, 0x000000008b600000, 0x00000000d5580000)
  object space 186368K, 99% used [0x0000000080000000,0x000000008b5ee690,0x000000008b600000)
 Metaspace       used 68338K, committed 70016K, reserved 1114112K
  class space    used 7230K, committed 7936K, reserved 1048576K
}
Event: 3326.579 GC heap after
{Heap after GC invocations=107 (full 3):
 PSYoungGen      total 26624K, used 384K [0x00000000d5580000, 0x00000000d7780000, 0x0000000100000000)
  eden space 26112K, 0% used [0x00000000d5580000,0x00000000d5580000,0x00000000d6f00000)
  from space 512K, 75% used [0x00000000d7700000,0x00000000d7760040,0x00000000d7780000)
  to   space 1024K, 0% used [0x00000000d7580000,0x00000000d7580000,0x00000000d7680000)
 ParOldGen       total 206848K, used 205601K [0x0000000080000000, 0x000000008ca00000, 0x00000000d5580000)
  object space 206848K, 99% used [0x0000000080000000,0x000000008c8c86b0,0x000000008ca00000)
 Metaspace       used 68338K, committed 70016K, reserved 1114112K
  class space    used 7230K, committed 7936K, reserved 1048576K
}
Event: 3435.933 GC heap before
{Heap before GC invocations=108 (full 3):
 PSYoungGen      total 26624K, used 26496K [0x00000000d5580000, 0x00000000d7780000, 0x0000000100000000)
  eden space 26112K, 100% used [0x00000000d5580000,0x00000000d6f00000,0x00000000d6f00000)
  from space 512K, 75% used [0x00000000d7700000,0x00000000d7760040,0x00000000d7780000)
  to   space 1024K, 0% used [0x00000000d7580000,0x00000000d7580000,0x00000000d7680000)
 ParOldGen       total 206848K, used 205601K [0x0000000080000000, 0x000000008ca00000, 0x00000000d5580000)
  object space 206848K, 99% used [0x0000000080000000,0x000000008c8c86b0,0x000000008ca00000)
 Metaspace       used 68434K, committed 70080K, reserved 1114112K
  class space    used 7234K, committed 7936K, reserved 1048576K
}
Event: 3436.233 GC heap after
{Heap after GC invocations=108 (full 3):
 PSYoungGen      total 26624K, used 1019K [0x00000000d5580000, 0x00000000d7a80000, 0x0000000100000000)
  eden space 25600K, 0% used [0x00000000d5580000,0x00000000d5580000,0x00000000d6e80000)
  from space 1024K, 99% used [0x00000000d7580000,0x00000000d767ed00,0x00000000d7680000)
  to   space 4096K, 0% used [0x00000000d7680000,0x00000000d7680000,0x00000000d7a80000)
 ParOldGen       total 209920K, used 209603K [0x0000000080000000, 0x000000008cd00000, 0x00000000d5580000)
  object space 209920K, 99% used [0x0000000080000000,0x000000008ccb0da0,0x000000008cd00000)
 Metaspace       used 68434K, committed 70080K, reserved 1114112K
  class space    used 7234K, committed 7936K, reserved 1048576K
}
Event: 3439.960 GC heap before
{Heap before GC invocations=109 (full 3):
 PSYoungGen      total 26624K, used 26590K [0x00000000d5580000, 0x00000000d7a80000, 0x0000000100000000)
  eden space 25600K, 99% used [0x00000000d5580000,0x00000000d6e78be8,0x00000000d6e80000)
  from space 1024K, 99% used [0x00000000d7580000,0x00000000d767ed00,0x00000000d7680000)
  to   space 4096K, 0% used [0x00000000d7680000,0x00000000d7680000,0x00000000d7a80000)
 ParOldGen       total 209920K, used 209603K [0x0000000080000000, 0x000000008cd00000, 0x00000000d5580000)
  object space 209920K, 99% used [0x0000000080000000,0x000000008ccb0da0,0x000000008cd00000)
 Metaspace       used 69778K, committed 71360K, reserved 1114112K
  class space    used 7335K, committed 8000K, reserved 1048576K
}
Event: 3439.968 GC heap after
{Heap after GC invocations=109 (full 3):
 PSYoungGen      total 27648K, used 2144K [0x00000000d5580000, 0x00000000d7900000, 0x0000000100000000)
  eden space 25088K, 0% used [0x00000000d5580000,0x00000000d5580000,0x00000000d6e00000)
  from space 2560K, 83% used [0x00000000d7680000,0x00000000d7898020,0x00000000d7900000)
  to   space 3584K, 0% used [0x00000000d7200000,0x00000000d7200000,0x00000000d7580000)
 ParOldGen       total 210944K, used 210526K [0x0000000080000000, 0x000000008ce00000, 0x00000000d5580000)
  object space 210944K, 99% used [0x0000000080000000,0x000000008cd97aa0,0x000000008ce00000)
 Metaspace       used 69778K, committed 71360K, reserved 1114112K
  class space    used 7335K, committed 8000K, reserved 1048576K
}
Event: 3449.172 GC heap before
{Heap before GC invocations=110 (full 3):
 PSYoungGen      total 27648K, used 27232K [0x00000000d5580000, 0x00000000d7900000, 0x0000000100000000)
  eden space 25088K, 100% used [0x00000000d5580000,0x00000000d6e00000,0x00000000d6e00000)
  from space 2560K, 83% used [0x00000000d7680000,0x00000000d7898020,0x00000000d7900000)
  to   space 3584K, 0% used [0x00000000d7200000,0x00000000d7200000,0x00000000d7580000)
 ParOldGen       total 210944K, used 210526K [0x0000000080000000, 0x000000008ce00000, 0x00000000d5580000)
  object space 210944K, 99% used [0x0000000080000000,0x000000008cd97aa0,0x000000008ce00000)
 Metaspace       used 70438K, committed 72064K, reserved 1114112K
  class space    used 7402K, committed 8064K, reserved 1048576K
}
Event: 3449.431 GC heap after
{Heap after GC invocations=110 (full 3):
 PSYoungGen      total 26624K, used 1545K [0x00000000d5580000, 0x00000000d7700000, 0x0000000100000000)
  eden space 24576K, 0% used [0x00000000d5580000,0x00000000d5580000,0x00000000d6d80000)
  from space 2048K, 75% used [0x00000000d7200000,0x00000000d7382420,0x00000000d7400000)
  to   space 2048K, 0% used [0x00000000d7500000,0x00000000d7500000,0x00000000d7700000)
 ParOldGen       total 212992K, used 212528K [0x0000000080000000, 0x000000008d000000, 0x00000000d5580000)
  object space 212992K, 99% used [0x0000000080000000,0x000000008cf8c0c0,0x000000008d000000)
 Metaspace       used 70438K, committed 72064K, reserved 1114112K
  class space    used 7402K, committed 8064K, reserved 1048576K
}

