# JRE version: OpenJDK Runtime Environment Temurin-17.0.17+10 (17.0.17+10) (build 17.0.17+10)
# Java VM: OpenJDK 64-Bit Server VM Temurin-17.0.17+10 (17.0.17+10, mixed mode, sharing, tiered, compressed oops, compressed class ptrs, g1 gc, windows-amd64)
GC Precious Log:
 CPUs: 8 total, 8 available
 Memory: 3899M
 Large Page Support: Disabled
 NUMA Support: Disabled
 Compressed Oops: Enabled (32-bit)
 Heap Region Size: 1M
 Heap Min Capacity: 8M
 Heap Initial Capacity: 62M
 Heap Max Capacity: 976M
 Pre-touch: Disabled
 Parallel Workers: 8
 Concurrent Workers: 2
 Concurrent Refinement Workers: 8
 Periodic GC: Disabled
Heap:
 garbage-first heap   total 76800K, used 50986K [0x00000000c3000000, 0x0000000100000000)
  region size 1024K, 22 young (22528K), 5 survivors (5120K)
 Metaspace       used 26490K, committed 26816K, reserved 1114112K
  class space    used 3096K, committed 3264K, reserved 1048576K
GC Heap History (16 events):
Event: 0.904 GC heap before
{Heap before GC invocations=0 (full 0):
 garbage-first heap   total 63488K, used 23552K [0x00000000c3000000, 0x0000000100000000)
  region size 1024K, 23 young (23552K), 0 survivors (0K)
 Metaspace       used 5407K, committed 5568K, reserved 1114112K
  class space    used 649K, committed 768K, reserved 1048576K
}
Event: 0.911 GC heap after
{Heap after GC invocations=1 (full 0):
 garbage-first heap   total 63488K, used 3664K [0x00000000c3000000, 0x0000000100000000)
  region size 1024K, 3 young (3072K), 3 survivors (3072K)
 Metaspace       used 5407K, committed 5568K, reserved 1114112K
  class space    used 649K, committed 768K, reserved 1048576K
}
Event: 1.301 GC heap before
{Heap before GC invocations=1 (full 0):
 garbage-first heap   total 63488K, used 30288K [0x00000000c3000000, 0x0000000100000000)
  region size 1024K, 29 young (29696K), 3 survivors (3072K)
 Metaspace       used 8120K, committed 8320K, reserved 1114112K
  class space    used 978K, committed 1088K, reserved 1048576K
}
Event: 1.308 GC heap after
{Heap after GC invocations=2 (full 0):
 garbage-first heap   total 63488K, used 4926K [0x00000000c3000000, 0x0000000100000000)
  region size 1024K, 2 young (2048K), 2 survivors (2048K)
 Metaspace       used 8120K, committed 8320K, reserved 1114112K
  class space    used 978K, committed 1088K, reserved 1048576K
}
Event: 2.365 GC heap before
{Heap before GC invocations=2 (full 0):
 garbage-first heap   total 63488K, used 40766K [0x00000000c3000000, 0x0000000100000000)
  region size 1024K, 37 young (37888K), 2 survivors (2048K)
 Metaspace       used 14358K, committed 14528K, reserved 1114112K
  class space    used 1770K, committed 1856K, reserved 1048576K
}
Event: 2.390 GC heap after
{Heap after GC invocations=3 (full 0):
 garbage-first heap   total 63488K, used 8455K [0x00000000c3000000, 0x0000000100000000)
  region size 1024K, 5 young (5120K), 5 survivors (5120K)
 Metaspace       used 14358K, committed 14528K, reserved 1114112K
  class space    used 1770K, committed 1856K, reserved 1048576K
}
Event: 3.517 GC heap before
{Heap before GC invocations=3 (full 0):
 garbage-first heap   total 63488K, used 41223K [0x00000000c3000000, 0x0000000100000000)
  region size 1024K, 37 young (37888K), 5 survivors (5120K)
 Metaspace       used 15401K, committed 15552K, reserved 1114112K
  class space    used 1858K, committed 1920K, reserved 1048576K
}
Event: 3.545 GC heap after
{Heap after GC invocations=4 (full 0):
 garbage-first heap   total 63488K, used 13063K [0x00000000c3000000, 0x0000000100000000)
  region size 1024K, 5 young (5120K), 5 survivors (5120K)
 Metaspace       used 15401K, committed 15552K, reserved 1114112K
  class space    used 1858K, committed 1920K, reserved 1048576K
}
Event: 3.990 GC heap before
{Heap before GC invocations=4 (full 0):
 garbage-first heap   total 63488K, used 43783K [0x00000000c3000000, 0x0000000100000000)
  region size 1024K, 35 young (35840K), 5 survivors (5120K)
 Metaspace       used 15709K, committed 16000K, reserved 1114112K
  class space    used 1861K, committed 1984K, reserved 1048576K
}
Event: 4.000 GC heap after
{Heap after GC invocations=5 (full 0):
 garbage-first heap   total 63488K, used 14496K [0x00000000c3000000, 0x0000000100000000)
  region size 1024K, 2 young (2048K), 2 survivors (2048K)
 Metaspace       used 15709K, committed 16000K, reserved 1114112K
  class space    used 1861K, committed 1984K, reserved 1048576K
}
Event: 4.847 GC heap before
{Heap before GC invocations=5 (full 0):
 garbage-first heap   total 63488K, used 45216K [0x00000000c3000000, 0x0000000100000000)
  region size 1024K, 32 young (32768K), 2 survivors (2048K)
 Metaspace       used 17484K, committed 17792K, reserved 1114112K
  class space    used 2030K, committed 2176K, reserved 1048576K
}
Event: 4.857 GC heap after
{Heap after GC invocations=6 (full 0):
 garbage-first heap   total 76800K, used 16342K [0x00000000c3000000, 0x0000000100000000)
  region size 1024K, 4 young (4096K), 4 survivors (4096K)
 Metaspace       used 17484K, committed 17792K, reserved 1114112K
  class space    used 2030K, committed 2176K, reserved 1048576K
}
Event: 6.117 GC heap before
{Heap before GC invocations=6 (full 0):
 garbage-first heap   total 76800K, used 38870K [0x00000000c3000000, 0x0000000100000000)
  region size 1024K, 22 young (22528K), 4 survivors (4096K)
 Metaspace       used 21153K, committed 21504K, reserved 1114112K
  class space    used 2508K, committed 2688K, reserved 1048576K
}
Event: 6.147 GC heap after
{Heap after GC invocations=7 (full 0):
 garbage-first heap   total 76800K, used 24203K [0x00000000c3000000, 0x0000000100000000)
  region size 1024K, 6 young (6144K), 6 survivors (6144K)
 Metaspace       used 21153K, committed 21504K, reserved 1114112K
  class space    used 2508K, committed 2688K, reserved 1048576K
}
Event: 8.620 GC heap before
{Heap before GC invocations=8 (full 0):
 garbage-first heap   total 76800K, used 57995K [0x00000000c3000000, 0x0000000100000000)
  region size 1024K, 37 young (37888K), 6 survivors (6144K)
 Metaspace       used 25509K, committed 25792K, reserved 1114112K
  class space    used 2991K, committed 3136K, reserved 1048576K
}
Event: 8.639 GC heap after
{Heap after GC invocations=9 (full 0):
 garbage-first heap   total 76800K, used 34602K [0x00000000c3000000, 0x0000000100000000)
  region size 1024K, 5 young (5120K), 5 survivors (5120K)
 Metaspace       used 25509K, committed 25792K, reserved 1114112K
  class space    used 2991K, committed 3136K, reserved 1048576K
}

