# JRE version: OpenJDK Runtime Environment Temurin-21.0.10+7 (21.0.10+7) (build 21.0.10+7-LTS)
# Java VM: OpenJDK 64-Bit Server VM Temurin-21.0.10+7 (21.0.10+7-LTS, mixed mode, sharing, tiered, compressed oops, compressed class ptrs, parallel gc, windows-amd64)
GC Precious Log:
 CardTable entry size: 512
 CPUs: 8 total, 8 available
 Memory: 3899M
 Large Page Support: Disabled
 NUMA Support: Disabled
 Compressed Oops: Enabled (32-bit)
 Alignments: Space 512K, Generation 512K, Heap 2M
 Heap Min Capacity: 100M
 Heap Initial Capacity: 100M
 Heap Max Capacity: 2G
 Pre-touch: Disabled
 Parallel Workers: 8
Heap:
 PSYoungGen      total 16384K, used 7471K [0x00000000d5580000, 0x00000000d7500000, 0x0000000100000000)
  eden space 14848K, 47% used [0x00000000d5580000,0x00000000d5c54710,0x00000000d6400000)
  from space 1536K, 31% used [0x00000000d7280000,0x00000000d72f7680,0x00000000d7400000)
  to   space 1024K, 0% used [0x00000000d7400000,0x00000000d7400000,0x00000000d7500000)
 ParOldGen       total 152064K, used 151656K [0x0000000080000000, 0x0000000089480000, 0x00000000d5580000)
  object space 152064K, 99% used [0x0000000080000000,0x000000008941a268,0x0000000089480000)
 Metaspace       used 64216K, committed 65792K, reserved 1114112K
  class space    used 6830K, committed 7488K, reserved 1048576K
GC Heap History (20 events):
Event: 731.512 GC heap before
{Heap before GC invocations=63 (full 3):
 PSYoungGen      total 20992K, used 19808K [0x00000000d5580000, 0x00000000d6b80000, 0x0000000100000000)
  eden space 19456K, 100% used [0x00000000d5580000,0x00000000d6880000,0x00000000d6880000)
  from space 1536K, 22% used [0x00000000d6880000,0x00000000d68d8000,0x00000000d6a00000)
  to   space 1024K, 0% used [0x00000000d6a80000,0x00000000d6a80000,0x00000000d6b80000)
 ParOldGen       total 77312K, used 62458K [0x0000000080000000, 0x0000000084b80000, 0x00000000d5580000)
  object space 77312K, 80% used [0x0000000080000000,0x0000000083cfead8,0x0000000084b80000)
 Metaspace       used 61646K, committed 63040K, reserved 1114112K
  class space    used 6569K, committed 7168K, reserved 1048576K
}
Event: 731.688 GC heap after
{Heap after GC invocations=63 (full 3):
 PSYoungGen      total 19456K, used 1018K [0x00000000d5580000, 0x00000000d6e80000, 0x0000000100000000)
  eden space 18432K, 0% used [0x00000000d5580000,0x00000000d5580000,0x00000000d6780000)
  from space 1024K, 99% used [0x00000000d6a80000,0x00000000d6b7e970,0x00000000d6b80000)
  to   space 3072K, 0% used [0x00000000d6780000,0x00000000d6780000,0x00000000d6a80000)
 ParOldGen       total 77312K, used 64071K [0x0000000080000000, 0x0000000084b80000, 0x00000000d5580000)
  object space 77312K, 82% used [0x0000000080000000,0x0000000083e91d18,0x0000000084b80000)
 Metaspace       used 61646K, committed 63040K, reserved 1114112K
  class space    used 6569K, committed 7168K, reserved 1048576K
}
Event: 732.046 GC heap before
{Heap before GC invocations=64 (full 3):
 PSYoungGen      total 19456K, used 15494K [0x00000000d5580000, 0x00000000d6e80000, 0x0000000100000000)
  eden space 18432K, 78% used [0x00000000d5580000,0x00000000d63a3088,0x00000000d6780000)
  from space 1024K, 99% used [0x00000000d6a80000,0x00000000d6b7e970,0x00000000d6b80000)
  to   space 3072K, 0% used [0x00000000d6780000,0x00000000d6780000,0x00000000d6a80000)
 ParOldGen       total 77312K, used 64071K [0x0000000080000000, 0x0000000084b80000, 0x00000000d5580000)
  object space 77312K, 82% used [0x0000000080000000,0x0000000083e91d18,0x0000000084b80000)
 Metaspace       used 61985K, committed 63488K, reserved 1114112K
  class space    used 6602K, committed 7232K, reserved 1048576K
}
Event: 732.257 GC heap after
{Heap after GC invocations=64 (full 3):
 PSYoungGen      total 21504K, used 2494K [0x00000000d5580000, 0x00000000d6d80000, 0x0000000100000000)
  eden space 18432K, 0% used [0x00000000d5580000,0x00000000d5580000,0x00000000d6780000)
  from space 3072K, 81% used [0x00000000d6780000,0x00000000d69ef9a0,0x00000000d6a80000)
  to   space 3072K, 0% used [0x00000000d6a80000,0x00000000d6a80000,0x00000000d6d80000)
 ParOldGen       total 77312K, used 72728K [0x0000000080000000, 0x0000000084b80000, 0x00000000d5580000)
  object space 77312K, 94% used [0x0000000080000000,0x0000000084706070,0x0000000084b80000)
 Metaspace       used 61985K, committed 63488K, reserved 1114112K
  class space    used 6602K, committed 7232K, reserved 1048576K
}
Event: 732.938 GC heap before
{Heap before GC invocations=65 (full 3):
 PSYoungGen      total 21504K, used 20926K [0x00000000d5580000, 0x00000000d6d80000, 0x0000000100000000)
  eden space 18432K, 100% used [0x00000000d5580000,0x00000000d6780000,0x00000000d6780000)
  from space 3072K, 81% used [0x00000000d6780000,0x00000000d69ef9a0,0x00000000d6a80000)
  to   space 3072K, 0% used [0x00000000d6a80000,0x00000000d6a80000,0x00000000d6d80000)
 ParOldGen       total 115200K, used 110066K [0x0000000080000000, 0x0000000087080000, 0x00000000d5580000)
  object space 115200K, 95% used [0x0000000080000000,0x0000000086b7cbc0,0x0000000087080000)
 Metaspace       used 62006K, committed 63488K, reserved 1114112K
  class space    used 6608K, committed 7232K, reserved 1048576K
}
Event: 733.021 GC heap after
{Heap after GC invocations=65 (full 3):
 PSYoungGen      total 14848K, used 3072K [0x00000000d5580000, 0x00000000d7a80000, 0x0000000100000000)
  eden space 11776K, 0% used [0x00000000d5580000,0x00000000d5580000,0x00000000d6100000)
  from space 3072K, 100% used [0x00000000d6a80000,0x00000000d6d80000,0x00000000d6d80000)
  to   space 9728K, 0% used [0x00000000d6100000,0x00000000d6100000,0x00000000d6a80000)
 ParOldGen       total 115712K, used 115579K [0x0000000080000000, 0x0000000087100000, 0x00000000d5580000)
  object space 115712K, 99% used [0x0000000080000000,0x00000000870defe0,0x0000000087100000)
 Metaspace       used 62006K, committed 63488K, reserved 1114112K
  class space    used 6608K, committed 7232K, reserved 1048576K
}
Event: 733.059 GC heap before
{Heap before GC invocations=66 (full 3):
 PSYoungGen      total 14848K, used 14848K [0x00000000d5580000, 0x00000000d7a80000, 0x0000000100000000)
  eden space 11776K, 100% used [0x00000000d5580000,0x00000000d6100000,0x00000000d6100000)
  from space 3072K, 100% used [0x00000000d6a80000,0x00000000d6d80000,0x00000000d6d80000)
  to   space 9728K, 0% used [0x00000000d6100000,0x00000000d6100000,0x00000000d6a80000)
 ParOldGen       total 115712K, used 115579K [0x0000000080000000, 0x0000000087100000, 0x00000000d5580000)
  object space 115712K, 99% used [0x0000000080000000,0x00000000870defe0,0x0000000087100000)
 Metaspace       used 62007K, committed 63488K, reserved 1114112K
  class space    used 6608K, committed 7232K, reserved 1048576K
}
Event: 733.081 GC heap after
{Heap after GC invocations=66 (full 3):
 PSYoungGen      total 21504K, used 9152K [0x00000000d5580000, 0x00000000d7400000, 0x0000000100000000)
  eden space 11776K, 0% used [0x00000000d5580000,0x00000000d5580000,0x00000000d6100000)
  from space 9728K, 94% used [0x00000000d6100000,0x00000000d69f0000,0x00000000d6a80000)
  to   space 9728K, 0% used [0x00000000d6a80000,0x00000000d6a80000,0x00000000d7400000)
 ParOldGen       total 118784K, used 118683K [0x0000000080000000, 0x0000000087400000, 0x00000000d5580000)
  object space 118784K, 99% used [0x0000000080000000,0x00000000873e6fe0,0x0000000087400000)
 Metaspace       used 62007K, committed 63488K, reserved 1114112K
  class space    used 6608K, committed 7232K, reserved 1048576K
}
Event: 733.140 GC heap before
{Heap before GC invocations=67 (full 3):
 PSYoungGen      total 21504K, used 20928K [0x00000000d5580000, 0x00000000d7400000, 0x0000000100000000)
  eden space 11776K, 100% used [0x00000000d5580000,0x00000000d6100000,0x00000000d6100000)
  from space 9728K, 94% used [0x00000000d6100000,0x00000000d69f0000,0x00000000d6a80000)
  to   space 9728K, 0% used [0x00000000d6a80000,0x00000000d6a80000,0x00000000d7400000)
 ParOldGen       total 118784K, used 118683K [0x0000000080000000, 0x0000000087400000, 0x00000000d5580000)
  object space 118784K, 99% used [0x0000000080000000,0x00000000873e6fe0,0x0000000087400000)
 Metaspace       used 62007K, committed 63488K, reserved 1114112K
  class space    used 6608K, committed 7232K, reserved 1048576K
}
Event: 733.246 GC heap after
{Heap after GC invocations=67 (full 3):
 PSYoungGen      total 22016K, used 9120K [0x00000000d5580000, 0x00000000d7580000, 0x0000000100000000)
  eden space 12288K, 0% used [0x00000000d5580000,0x00000000d5580000,0x00000000d6180000)
  from space 9728K, 93% used [0x00000000d6a80000,0x00000000d7368000,0x00000000d7400000)
  to   space 9216K, 0% used [0x00000000d6180000,0x00000000d6180000,0x00000000d6a80000)
 ParOldGen       total 128000K, used 127755K [0x0000000080000000, 0x0000000087d00000, 0x00000000d5580000)
  object space 128000K, 99% used [0x0000000080000000,0x0000000087cc2fe0,0x0000000087d00000)
 Metaspace       used 62007K, committed 63488K, reserved 1114112K
  class space    used 6608K, committed 7232K, reserved 1048576K
}
Event: 733.328 GC heap before
{Heap before GC invocations=68 (full 3):
 PSYoungGen      total 22016K, used 21408K [0x00000000d5580000, 0x00000000d7580000, 0x0000000100000000)
  eden space 12288K, 100% used [0x00000000d5580000,0x00000000d6180000,0x00000000d6180000)
  from space 9728K, 93% used [0x00000000d6a80000,0x00000000d7368000,0x00000000d7400000)
  to   space 9216K, 0% used [0x00000000d6180000,0x00000000d6180000,0x00000000d6a80000)
 ParOldGen       total 128000K, used 127755K [0x0000000080000000, 0x0000000087d00000, 0x00000000d5580000)
  object space 128000K, 99% used [0x0000000080000000,0x0000000087cc2fe0,0x0000000087d00000)
 Metaspace       used 62007K, committed 63488K, reserved 1114112K
  class space    used 6608K, committed 7232K, reserved 1048576K
}
Event: 733.367 GC heap after
{Heap after GC invocations=68 (full 3):
 PSYoungGen      total 21504K, used 9216K [0x00000000d5580000, 0x00000000d8c00000, 0x0000000100000000)
  eden space 12288K, 0% used [0x00000000d5580000,0x00000000d5580000,0x00000000d6180000)
  from space 9216K, 100% used [0x00000000d6180000,0x00000000d6a80000,0x00000000d6a80000)
  to   space 20480K, 0% used [0x00000000d7800000,0x00000000d7800000,0x00000000d8c00000)
 ParOldGen       total 137216K, used 137035K [0x0000000080000000, 0x0000000088600000, 0x00000000d5580000)
  object space 137216K, 99% used [0x0000000080000000,0x00000000885d2fe0,0x0000000088600000)
 Metaspace       used 62007K, committed 63488K, reserved 1114112K
  class space    used 6608K, committed 7232K, reserved 1048576K
}
Event: 735.539 GC heap before
{Heap before GC invocations=69 (full 3):
 PSYoungGen      total 21504K, used 21494K [0x00000000d5580000, 0x00000000d8c00000, 0x0000000100000000)
  eden space 12288K, 99% used [0x00000000d5580000,0x00000000d617dae0,0x00000000d6180000)
  from space 9216K, 100% used [0x00000000d6180000,0x00000000d6a80000,0x00000000d6a80000)
  to   space 20480K, 0% used [0x00000000d7800000,0x00000000d7800000,0x00000000d8c00000)
 ParOldGen       total 137216K, used 137035K [0x0000000080000000, 0x0000000088600000, 0x00000000d5580000)
  object space 137216K, 99% used [0x0000000080000000,0x00000000885d2fe0,0x0000000088600000)
 Metaspace       used 62203K, committed 63680K, reserved 1114112K
  class space    used 6621K, committed 7232K, reserved 1048576K
}
Event: 735.644 GC heap after
{Heap after GC invocations=69 (full 3):
 PSYoungGen      total 19968K, used 4750K [0x00000000d5580000, 0x00000000d7d00000, 0x0000000100000000)
  eden space 14848K, 0% used [0x00000000d5580000,0x00000000d5580000,0x00000000d6400000)
  from space 5120K, 92% used [0x00000000d7800000,0x00000000d7ca3840,0x00000000d7d00000)
  to   space 10240K, 0% used [0x00000000d6900000,0x00000000d6900000,0x00000000d7300000)
 ParOldGen       total 146432K, used 146227K [0x0000000080000000, 0x0000000088f00000, 0x00000000d5580000)
  object space 146432K, 99% used [0x0000000080000000,0x0000000088eccfe0,0x0000000088f00000)
 Metaspace       used 62203K, committed 63680K, reserved 1114112K
  class space    used 6621K, committed 7232K, reserved 1048576K
}
Event: 737.710 GC heap before
{Heap before GC invocations=70 (full 3):
 PSYoungGen      total 19968K, used 19598K [0x00000000d5580000, 0x00000000d7d00000, 0x0000000100000000)
  eden space 14848K, 100% used [0x00000000d5580000,0x00000000d6400000,0x00000000d6400000)
  from space 5120K, 92% used [0x00000000d7800000,0x00000000d7ca3840,0x00000000d7d00000)
  to   space 10240K, 0% used [0x00000000d6900000,0x00000000d6900000,0x00000000d7300000)
 ParOldGen       total 146432K, used 146227K [0x0000000080000000, 0x0000000088f00000, 0x00000000d5580000)
  object space 146432K, 99% used [0x0000000080000000,0x0000000088eccfe0,0x0000000088f00000)
 Metaspace       used 62461K, committed 63936K, reserved 1114112K
  class space    used 6673K, committed 7296K, reserved 1048576K
}
Event: 737.747 GC heap after
{Heap after GC invocations=70 (full 3):
 PSYoungGen      total 25088K, used 1843K [0x00000000d5580000, 0x00000000d7880000, 0x0000000100000000)
  eden space 14848K, 0% used [0x00000000d5580000,0x00000000d5580000,0x00000000d6400000)
  from space 10240K, 18% used [0x00000000d6900000,0x00000000d6accdc8,0x00000000d7300000)
  to   space 4096K, 0% used [0x00000000d7480000,0x00000000d7480000,0x00000000d7880000)
 ParOldGen       total 151040K, used 150892K [0x0000000080000000, 0x0000000089380000, 0x00000000d5580000)
  object space 151040K, 99% used [0x0000000080000000,0x000000008935b0e0,0x0000000089380000)
 Metaspace       used 62461K, committed 63936K, reserved 1114112K
  class space    used 6673K, committed 7296K, reserved 1048576K
}
Event: 737.854 GC heap before
{Heap before GC invocations=71 (full 3):
 PSYoungGen      total 25088K, used 16691K [0x00000000d5580000, 0x00000000d7880000, 0x0000000100000000)
  eden space 14848K, 100% used [0x00000000d5580000,0x00000000d6400000,0x00000000d6400000)
  from space 10240K, 18% used [0x00000000d6900000,0x00000000d6accdc8,0x00000000d7300000)
  to   space 4096K, 0% used [0x00000000d7480000,0x00000000d7480000,0x00000000d7880000)
 ParOldGen       total 151040K, used 150892K [0x0000000080000000, 0x0000000089380000, 0x00000000d5580000)
  object space 151040K, 99% used [0x0000000080000000,0x000000008935b0e0,0x0000000089380000)
 Metaspace       used 62474K, committed 63936K, reserved 1114112K
  class space    used 6673K, committed 7296K, reserved 1048576K
}
Event: 737.876 GC heap after
{Heap after GC invocations=71 (full 3):
 PSYoungGen      total 15872K, used 758K [0x00000000d5580000, 0x00000000d7580000, 0x0000000100000000)
  eden space 14848K, 0% used [0x00000000d5580000,0x00000000d5580000,0x00000000d6400000)
  from space 1024K, 74% used [0x00000000d7480000,0x00000000d753da08,0x00000000d7580000)
  to   space 1536K, 0% used [0x00000000d7280000,0x00000000d7280000,0x00000000d7400000)
 ParOldGen       total 152064K, used 151640K [0x0000000080000000, 0x0000000089480000, 0x00000000d5580000)
  object space 152064K, 99% used [0x0000000080000000,0x0000000089416268,0x0000000089480000)
 Metaspace       used 62474K, committed 63936K, reserved 1114112K
  class space    used 6673K, committed 7296K, reserved 1048576K
}
Event: 739.962 GC heap before
{Heap before GC invocations=72 (full 3):
 PSYoungGen      total 15872K, used 15606K [0x00000000d5580000, 0x00000000d7580000, 0x0000000100000000)
  eden space 14848K, 100% used [0x00000000d5580000,0x00000000d6400000,0x00000000d6400000)
  from space 1024K, 74% used [0x00000000d7480000,0x00000000d753da08,0x00000000d7580000)
  to   space 1536K, 0% used [0x00000000d7280000,0x00000000d7280000,0x00000000d7400000)
 ParOldGen       total 152064K, used 151640K [0x0000000080000000, 0x0000000089480000, 0x00000000d5580000)
  object space 152064K, 99% used [0x0000000080000000,0x0000000089416268,0x0000000089480000)
 Metaspace       used 63646K, committed 65088K, reserved 1114112K
  class space    used 6776K, committed 7360K, reserved 1048576K
}
Event: 739.974 GC heap after
{Heap after GC invocations=72 (full 3):
 PSYoungGen      total 16384K, used 477K [0x00000000d5580000, 0x00000000d7500000, 0x0000000100000000)
  eden space 14848K, 0% used [0x00000000d5580000,0x00000000d5580000,0x00000000d6400000)
  from space 1536K, 31% used [0x00000000d7280000,0x00000000d72f7680,0x00000000d7400000)
  to   space 1024K, 0% used [0x00000000d7400000,0x00000000d7400000,0x00000000d7500000)
 ParOldGen       total 152064K, used 151656K [0x0000000080000000, 0x0000000089480000, 0x00000000d5580000)
  object space 152064K, 99% used [0x0000000080000000,0x000000008941a268,0x0000000089480000)
 Metaspace       used 63646K, committed 65088K, reserved 1114112K
  class space    used 6776K, committed 7360K, reserved 1048576K
}

