# JRE version: OpenJDK Runtime Environment Temurin-21.0.9+10 (21.0.9+10) (build 21.0.9+10-LTS)
# Java VM: OpenJDK 64-Bit Server VM Temurin-21.0.9+10 (21.0.9+10-LTS, mixed mode, sharing, tiered, compressed oops, compressed class ptrs, parallel gc, windows-amd64)
GC Precious Log:
 CardTable entry size: 512
 CPUs: 8 total, 8 available
 Memory: 3899M
 Large Page Support: Disabled
 NUMA Support: Disabled
 Compressed Oops: Enabled (32-bit)
 Alignments: Space 512K, Generation 512K, Heap 2M
 Heap Min Capacity: 100M
 Heap Initial Capacity: 100M
 Heap Max Capacity: 2G
 Pre-touch: Disabled
 Parallel Workers: 8
Heap:
 PSYoungGen      total 8704K, used 388K [0x00000000d5580000, 0x00000000d5f80000, 0x0000000100000000)
  eden space 6656K, 2% used [0x00000000d5580000,0x00000000d55a93e8,0x00000000d5c00000)
  from space 2048K, 10% used [0x00000000d5c80000,0x00000000d5cb8000,0x00000000d5e80000)
  to   space 1024K, 0% used [0x00000000d5e80000,0x00000000d5e80000,0x00000000d5f80000)
 ParOldGen       total 159232K, used 158871K [0x0000000080000000, 0x0000000089b80000, 0x00000000d5580000)
  object space 159232K, 99% used [0x0000000080000000,0x0000000089b25f60,0x0000000089b80000)
 Metaspace       used 69503K, committed 71104K, reserved 1114112K
  class space    used 7257K, committed 7872K, reserved 1048576K
GC Heap History (20 events):
Event: 131.702 GC heap before
{Heap before GC invocations=159 (full 3):
 PSYoungGen      total 9216K, used 8753K [0x00000000d5580000, 0x00000000d6100000, 0x0000000100000000)
  eden space 6656K, 100% used [0x00000000d5580000,0x00000000d5c00000,0x00000000d5c00000)
  from space 2560K, 81% used [0x00000000d5c00000,0x00000000d5e0c788,0x00000000d5e80000)
  to   space 2560K, 0% used [0x00000000d5e80000,0x00000000d5e80000,0x00000000d6100000)
 ParOldGen       total 92672K, used 92213K [0x0000000080000000, 0x0000000085a80000, 0x00000000d5580000)
  object space 92672K, 99% used [0x0000000080000000,0x0000000085a0d470,0x0000000085a80000)
 Metaspace       used 68437K, committed 69952K, reserved 1114112K
  class space    used 7168K, committed 7808K, reserved 1048576K
}
Event: 131.708 GC heap after
{Heap after GC invocations=159 (full 3):
 PSYoungGen      total 7680K, used 544K [0x00000000d5580000, 0x00000000d5f80000, 0x0000000100000000)
  eden space 6656K, 0% used [0x00000000d5580000,0x00000000d5580000,0x00000000d5c00000)
  from space 1024K, 53% used [0x00000000d5e80000,0x00000000d5f08020,0x00000000d5f80000)
  to   space 1536K, 0% used [0x00000000d5c80000,0x00000000d5c80000,0x00000000d5e00000)
 ParOldGen       total 93184K, used 93085K [0x0000000080000000, 0x0000000085b00000, 0x00000000d5580000)
  object space 93184K, 99% used [0x0000000080000000,0x0000000085ae7470,0x0000000085b00000)
 Metaspace       used 68437K, committed 69952K, reserved 1114112K
  class space    used 7168K, committed 7808K, reserved 1048576K
}
Event: 131.800 GC heap before
{Heap before GC invocations=160 (full 3):
 PSYoungGen      total 7680K, used 7200K [0x00000000d5580000, 0x00000000d5f80000, 0x0000000100000000)
  eden space 6656K, 100% used [0x00000000d5580000,0x00000000d5c00000,0x00000000d5c00000)
  from space 1024K, 53% used [0x00000000d5e80000,0x00000000d5f08020,0x00000000d5f80000)
  to   space 1536K, 0% used [0x00000000d5c80000,0x00000000d5c80000,0x00000000d5e00000)
 ParOldGen       total 93184K, used 93085K [0x0000000080000000, 0x0000000085b00000, 0x00000000d5580000)
  object space 93184K, 99% used [0x0000000080000000,0x0000000085ae7470,0x0000000085b00000)
 Metaspace       used 68449K, committed 69952K, reserved 1114112K
  class space    used 7169K, committed 7808K, reserved 1048576K
}
Event: 131.805 GC heap after
{Heap after GC invocations=160 (full 3):
 PSYoungGen      total 8192K, used 1524K [0x00000000d5580000, 0x00000000d6100000, 0x0000000100000000)
  eden space 6656K, 0% used [0x00000000d5580000,0x00000000d5580000,0x00000000d5c00000)
  from space 1536K, 99% used [0x00000000d5c80000,0x00000000d5dfd220,0x00000000d5e00000)
  to   space 2560K, 0% used [0x00000000d5e80000,0x00000000d5e80000,0x00000000d6100000)
 ParOldGen       total 93696K, used 93542K [0x0000000080000000, 0x0000000085b80000, 0x00000000d5580000)
  object space 93696K, 99% used [0x0000000080000000,0x0000000085b59bd0,0x0000000085b80000)
 Metaspace       used 68449K, committed 69952K, reserved 1114112K
  class space    used 7169K, committed 7808K, reserved 1048576K
}
Event: 134.920 GC heap before
{Heap before GC invocations=161 (full 3):
 PSYoungGen      total 8192K, used 8180K [0x00000000d5580000, 0x00000000d6100000, 0x0000000100000000)
  eden space 6656K, 99% used [0x00000000d5580000,0x00000000d5bffff8,0x00000000d5c00000)
  from space 1536K, 99% used [0x00000000d5c80000,0x00000000d5dfd220,0x00000000d5e00000)
  to   space 2560K, 0% used [0x00000000d5e80000,0x00000000d5e80000,0x00000000d6100000)
 ParOldGen       total 125440K, used 124263K [0x0000000080000000, 0x0000000087a80000, 0x00000000d5580000)
  object space 125440K, 99% used [0x0000000080000000,0x0000000087959c00,0x0000000087a80000)
 Metaspace       used 68719K, committed 70272K, reserved 1114112K
  class space    used 7178K, committed 7808K, reserved 1048576K
}
Event: 134.925 GC heap after
{Heap after GC invocations=161 (full 3):
 PSYoungGen      total 7168K, used 368K [0x00000000d5580000, 0x00000000d5f00000, 0x0000000100000000)
  eden space 6656K, 0% used [0x00000000d5580000,0x00000000d5580000,0x00000000d5c00000)
  from space 512K, 71% used [0x00000000d5e80000,0x00000000d5edc010,0x00000000d5f00000)
  to   space 1024K, 0% used [0x00000000d5d00000,0x00000000d5d00000,0x00000000d5e00000)
 ParOldGen       total 125440K, used 124743K [0x0000000080000000, 0x0000000087a80000, 0x00000000d5580000)
  object space 125440K, 99% used [0x0000000080000000,0x00000000879d1c00,0x0000000087a80000)
 Metaspace       used 68719K, committed 70272K, reserved 1114112K
  class space    used 7178K, committed 7808K, reserved 1048576K
}
Event: 135.480 GC heap before
{Heap before GC invocations=162 (full 3):
 PSYoungGen      total 7168K, used 7023K [0x00000000d5580000, 0x00000000d5f00000, 0x0000000100000000)
  eden space 6656K, 99% used [0x00000000d5580000,0x00000000d5bfffe0,0x00000000d5c00000)
  from space 512K, 71% used [0x00000000d5e80000,0x00000000d5edc010,0x00000000d5f00000)
  to   space 1024K, 0% used [0x00000000d5d00000,0x00000000d5d00000,0x00000000d5e00000)
 ParOldGen       total 125440K, used 124743K [0x0000000080000000, 0x0000000087a80000, 0x00000000d5580000)
  object space 125440K, 99% used [0x0000000080000000,0x00000000879d1c00,0x0000000087a80000)
 Metaspace       used 68735K, committed 70272K, reserved 1114112K
  class space    used 7178K, committed 7808K, reserved 1048576K
}
Event: 135.483 GC heap after
{Heap after GC invocations=162 (full 3):
 PSYoungGen      total 7680K, used 160K [0x00000000d5580000, 0x00000000d5f00000, 0x0000000100000000)
  eden space 6656K, 0% used [0x00000000d5580000,0x00000000d5580000,0x00000000d5c00000)
  from space 1024K, 15% used [0x00000000d5d00000,0x00000000d5d28000,0x00000000d5e00000)
  to   space 512K, 0% used [0x00000000d5e80000,0x00000000d5e80000,0x00000000d5f00000)
 ParOldGen       total 125440K, used 124927K [0x0000000080000000, 0x0000000087a80000, 0x00000000d5580000)
  object space 125440K, 99% used [0x0000000080000000,0x00000000879ffc00,0x0000000087a80000)
 Metaspace       used 68735K, committed 70272K, reserved 1114112K
  class space    used 7178K, committed 7808K, reserved 1048576K
}
Event: 135.598 GC heap before
{Heap before GC invocations=163 (full 3):
 PSYoungGen      total 7680K, used 6816K [0x00000000d5580000, 0x00000000d5f00000, 0x0000000100000000)
  eden space 6656K, 100% used [0x00000000d5580000,0x00000000d5c00000,0x00000000d5c00000)
  from space 1024K, 15% used [0x00000000d5d00000,0x00000000d5d28000,0x00000000d5e00000)
  to   space 512K, 0% used [0x00000000d5e80000,0x00000000d5e80000,0x00000000d5f00000)
 ParOldGen       total 125440K, used 124927K [0x0000000080000000, 0x0000000087a80000, 0x00000000d5580000)
  object space 125440K, 99% used [0x0000000080000000,0x00000000879ffc00,0x0000000087a80000)
 Metaspace       used 68753K, committed 70336K, reserved 1114112K
  class space    used 7179K, committed 7872K, reserved 1048576K
}
Event: 135.605 GC heap after
{Heap after GC invocations=163 (full 3):
 PSYoungGen      total 7168K, used 250K [0x00000000d5580000, 0x00000000d5f00000, 0x0000000100000000)
  eden space 6656K, 0% used [0x00000000d5580000,0x00000000d5580000,0x00000000d5c00000)
  from space 512K, 48% used [0x00000000d5e80000,0x00000000d5ebe900,0x00000000d5f00000)
  to   space 512K, 0% used [0x00000000d5e00000,0x00000000d5e00000,0x00000000d5e80000)
 ParOldGen       total 125440K, used 124959K [0x0000000080000000, 0x0000000087a80000, 0x00000000d5580000)
  object space 125440K, 99% used [0x0000000080000000,0x0000000087a07c00,0x0000000087a80000)
 Metaspace       used 68753K, committed 70336K, reserved 1114112K
  class space    used 7179K, committed 7872K, reserved 1048576K
}
Event: 135.959 GC heap before
{Heap before GC invocations=164 (full 3):
 PSYoungGen      total 7168K, used 6906K [0x00000000d5580000, 0x00000000d5f00000, 0x0000000100000000)
  eden space 6656K, 99% used [0x00000000d5580000,0x00000000d5bffff8,0x00000000d5c00000)
  from space 512K, 48% used [0x00000000d5e80000,0x00000000d5ebe900,0x00000000d5f00000)
  to   space 512K, 0% used [0x00000000d5e00000,0x00000000d5e00000,0x00000000d5e80000)
 ParOldGen       total 125440K, used 124959K [0x0000000080000000, 0x0000000087a80000, 0x00000000d5580000)
  object space 125440K, 99% used [0x0000000080000000,0x0000000087a07c00,0x0000000087a80000)
 Metaspace       used 69036K, committed 70592K, reserved 1114112K
  class space    used 7206K, committed 7872K, reserved 1048576K
}
Event: 135.962 GC heap after
{Heap after GC invocations=164 (full 3):
 PSYoungGen      total 7168K, used 512K [0x00000000d5580000, 0x00000000d5f00000, 0x0000000100000000)
  eden space 6656K, 0% used [0x00000000d5580000,0x00000000d5580000,0x00000000d5c00000)
  from space 512K, 100% used [0x00000000d5e00000,0x00000000d5e80000,0x00000000d5e80000)
  to   space 512K, 0% used [0x00000000d5e80000,0x00000000d5e80000,0x00000000d5f00000)
 ParOldGen       total 125440K, used 125240K [0x0000000080000000, 0x0000000087a80000, 0x00000000d5580000)
  object space 125440K, 99% used [0x0000000080000000,0x0000000087a4e0a0,0x0000000087a80000)
 Metaspace       used 69036K, committed 70592K, reserved 1114112K
  class space    used 7206K, committed 7872K, reserved 1048576K
}
Event: 136.238 GC heap before
{Heap before GC invocations=165 (full 3):
 PSYoungGen      total 7168K, used 7131K [0x00000000d5580000, 0x00000000d5f00000, 0x0000000100000000)
  eden space 6656K, 99% used [0x00000000d5580000,0x00000000d5bf6e78,0x00000000d5c00000)
  from space 512K, 100% used [0x00000000d5e00000,0x00000000d5e80000,0x00000000d5e80000)
  to   space 512K, 0% used [0x00000000d5e80000,0x00000000d5e80000,0x00000000d5f00000)
 ParOldGen       total 125440K, used 125240K [0x0000000080000000, 0x0000000087a80000, 0x00000000d5580000)
  object space 125440K, 99% used [0x0000000080000000,0x0000000087a4e0a0,0x0000000087a80000)
 Metaspace       used 69231K, committed 70784K, reserved 1114112K
  class space    used 7241K, committed 7872K, reserved 1048576K
}
Event: 136.243 GC heap after
{Heap after GC invocations=165 (full 3):
 PSYoungGen      total 7168K, used 504K [0x00000000d5580000, 0x00000000d6100000, 0x0000000100000000)
  eden space 6656K, 0% used [0x00000000d5580000,0x00000000d5580000,0x00000000d5c00000)
  from space 512K, 98% used [0x00000000d5e80000,0x00000000d5efe2a8,0x00000000d5f00000)
  to   space 2560K, 0% used [0x00000000d5c00000,0x00000000d5c00000,0x00000000d5e80000)
 ParOldGen       total 126976K, used 126787K [0x0000000080000000, 0x0000000087c00000, 0x00000000d5580000)
  object space 126976K, 99% used [0x0000000080000000,0x0000000087bd0c38,0x0000000087c00000)
 Metaspace       used 69231K, committed 70784K, reserved 1114112K
  class space    used 7241K, committed 7872K, reserved 1048576K
}
Event: 136.471 GC heap before
{Heap before GC invocations=166 (full 3):
 PSYoungGen      total 7168K, used 7145K [0x00000000d5580000, 0x00000000d6100000, 0x0000000100000000)
  eden space 6656K, 99% used [0x00000000d5580000,0x00000000d5bfc430,0x00000000d5c00000)
  from space 512K, 98% used [0x00000000d5e80000,0x00000000d5efe2a8,0x00000000d5f00000)
  to   space 2560K, 0% used [0x00000000d5c00000,0x00000000d5c00000,0x00000000d5e80000)
 ParOldGen       total 126976K, used 126787K [0x0000000080000000, 0x0000000087c00000, 0x00000000d5580000)
  object space 126976K, 99% used [0x0000000080000000,0x0000000087bd0c38,0x0000000087c00000)
 Metaspace       used 69439K, committed 70976K, reserved 1114112K
  class space    used 7255K, committed 7872K, reserved 1048576K
}
Event: 136.475 GC heap after
{Heap after GC invocations=166 (full 3):
 PSYoungGen      total 9216K, used 2526K [0x00000000d5580000, 0x00000000d6200000, 0x0000000100000000)
  eden space 6656K, 0% used [0x00000000d5580000,0x00000000d5580000,0x00000000d5c00000)
  from space 2560K, 98% used [0x00000000d5c00000,0x00000000d5e77a30,0x00000000d5e80000)
  to   space 3072K, 0% used [0x00000000d5f00000,0x00000000d5f00000,0x00000000d6200000)
 ParOldGen       total 127488K, used 127343K [0x0000000080000000, 0x0000000087c80000, 0x00000000d5580000)
  object space 127488K, 99% used [0x0000000080000000,0x0000000087c5bfe8,0x0000000087c80000)
 Metaspace       used 69439K, committed 70976K, reserved 1114112K
  class space    used 7255K, committed 7872K, reserved 1048576K
}
Event: 137.105 GC heap before
{Heap before GC invocations=167 (full 3):
 PSYoungGen      total 9216K, used 9182K [0x00000000d5580000, 0x00000000d6200000, 0x0000000100000000)
  eden space 6656K, 100% used [0x00000000d5580000,0x00000000d5c00000,0x00000000d5c00000)
  from space 2560K, 98% used [0x00000000d5c00000,0x00000000d5e77a30,0x00000000d5e80000)
  to   space 3072K, 0% used [0x00000000d5f00000,0x00000000d5f00000,0x00000000d6200000)
 ParOldGen       total 159232K, used 158064K [0x0000000080000000, 0x0000000089b80000, 0x00000000d5580000)
  object space 159232K, 99% used [0x0000000080000000,0x0000000089a5c018,0x0000000089b80000)
 Metaspace       used 69464K, committed 70976K, reserved 1114112K
  class space    used 7255K, committed 7872K, reserved 1048576K
}
Event: 137.110 GC heap after
{Heap after GC invocations=167 (full 3):
 PSYoungGen      total 8192K, used 1204K [0x00000000d5580000, 0x00000000d6080000, 0x0000000100000000)
  eden space 6656K, 0% used [0x00000000d5580000,0x00000000d5580000,0x00000000d5c00000)
  from space 1536K, 78% used [0x00000000d5f00000,0x00000000d602d200,0x00000000d6080000)
  to   space 2048K, 0% used [0x00000000d5c80000,0x00000000d5c80000,0x00000000d5e80000)
 ParOldGen       total 159232K, used 158295K [0x0000000080000000, 0x0000000089b80000, 0x00000000d5580000)
  object space 159232K, 99% used [0x0000000080000000,0x0000000089a95f60,0x0000000089b80000)
 Metaspace       used 69464K, committed 70976K, reserved 1114112K
  class space    used 7255K, committed 7872K, reserved 1048576K
}
Event: 137.304 GC heap before
{Heap before GC invocations=168 (full 3):
 PSYoungGen      total 8192K, used 7860K [0x00000000d5580000, 0x00000000d6080000, 0x0000000100000000)
  eden space 6656K, 100% used [0x00000000d5580000,0x00000000d5c00000,0x00000000d5c00000)
  from space 1536K, 78% used [0x00000000d5f00000,0x00000000d602d200,0x00000000d6080000)
  to   space 2048K, 0% used [0x00000000d5c80000,0x00000000d5c80000,0x00000000d5e80000)
 ParOldGen       total 159232K, used 158295K [0x0000000080000000, 0x0000000089b80000, 0x00000000d5580000)
  object space 159232K, 99% used [0x0000000080000000,0x0000000089a95f60,0x0000000089b80000)
 Metaspace       used 69500K, committed 71104K, reserved 1114112K
  class space    used 7257K, committed 7872K, reserved 1048576K
}
Event: 137.314 GC heap after
{Heap after GC invocations=168 (full 3):
 PSYoungGen      total 8704K, used 224K [0x00000000d5580000, 0x00000000d5f80000, 0x0000000100000000)
  eden space 6656K, 0% used [0x00000000d5580000,0x00000000d5580000,0x00000000d5c00000)
  from space 2048K, 10% used [0x00000000d5c80000,0x00000000d5cb8000,0x00000000d5e80000)
  to   space 1024K, 0% used [0x00000000d5e80000,0x00000000d5e80000,0x00000000d5f80000)
 ParOldGen       total 159232K, used 158871K [0x0000000080000000, 0x0000000089b80000, 0x00000000d5580000)
  object space 159232K, 99% used [0x0000000080000000,0x0000000089b25f60,0x0000000089b80000)
 Metaspace       used 69500K, committed 71104K, reserved 1114112K
  class space    used 7257K, committed 7872K, reserved 1048576K
}

