# JRE version: OpenJDK Runtime Environment Temurin-21.0.10+7 (21.0.10+7) (build 21.0.10+7-LTS)
# Java VM: OpenJDK 64-Bit Server VM Temurin-21.0.10+7 (21.0.10+7-LTS, mixed mode, sharing, tiered, compressed oops, compressed class ptrs, parallel gc, windows-amd64)
GC Precious Log:
 CardTable entry size: 512
 CPUs: 8 total, 8 available
 Memory: 3899M
 Large Page Support: Disabled
 NUMA Support: Disabled
 Compressed Oops: Enabled (32-bit)
 Alignments: Space 512K, Generation 512K, Heap 2M
 Heap Min Capacity: 100M
 Heap Initial Capacity: 100M
 Heap Max Capacity: 2G
 Pre-touch: Disabled
 Parallel Workers: 8
Heap:
 PSYoungGen      total 18944K, used 3107K [0x00000000d5580000, 0x00000000d7780000, 0x0000000100000000)
  eden space 17408K, 9% used [0x00000000d5580000,0x00000000d570cf20,0x00000000d6680000)
  from space 1536K, 98% used [0x00000000d7080000,0x00000000d71fbf08,0x00000000d7200000)
  to   space 8704K, 0% used [0x00000000d6680000,0x00000000d6680000,0x00000000d6f00000)
 ParOldGen       total 112128K, used 111758K [0x0000000080000000, 0x0000000086d80000, 0x00000000d5580000)
  object space 112128K, 99% used [0x0000000080000000,0x0000000086d23ba0,0x0000000086d80000)
 Metaspace       used 67266K, committed 68864K, reserved 1114112K
  class space    used 7156K, committed 7808K, reserved 1048576K
GC Heap History (20 events):
Event: 78.909 GC heap before
{Heap before GC invocations=56 (full 3):
 PSYoungGen      total 19456K, used 19296K [0x00000000d5580000, 0x00000000d7600000, 0x0000000100000000)
  eden space 17408K, 100% used [0x00000000d5580000,0x00000000d6680000,0x00000000d6680000)
  from space 2048K, 92% used [0x00000000d7400000,0x00000000d75d8020,0x00000000d7600000)
  to   space 2048K, 0% used [0x00000000d7200000,0x00000000d7200000,0x00000000d7400000)
 ParOldGen       total 88576K, used 88314K [0x0000000080000000, 0x0000000085680000, 0x00000000d5580000)
  object space 88576K, 99% used [0x0000000080000000,0x000000008563e890,0x0000000085680000)
 Metaspace       used 63404K, committed 64896K, reserved 1114112K
  class space    used 6742K, committed 7360K, reserved 1048576K
}
Event: 78.913 GC heap after
{Heap after GC invocations=56 (full 3):
 PSYoungGen      total 18944K, used 1312K [0x00000000d5580000, 0x00000000d7480000, 0x0000000100000000)
  eden space 17408K, 0% used [0x00000000d5580000,0x00000000d5580000,0x00000000d6680000)
  from space 1536K, 85% used [0x00000000d7200000,0x00000000d7348000,0x00000000d7380000)
  to   space 1024K, 0% used [0x00000000d7380000,0x00000000d7380000,0x00000000d7480000)
 ParOldGen       total 90112K, used 89971K [0x0000000080000000, 0x0000000085800000, 0x00000000d5580000)
  object space 90112K, 99% used [0x0000000080000000,0x00000000857dcda8,0x0000000085800000)
 Metaspace       used 63404K, committed 64896K, reserved 1114112K
  class space    used 6742K, committed 7360K, reserved 1048576K
}
Event: 79.610 GC heap before
{Heap before GC invocations=57 (full 3):
 PSYoungGen      total 18944K, used 18720K [0x00000000d5580000, 0x00000000d7480000, 0x0000000100000000)
  eden space 17408K, 100% used [0x00000000d5580000,0x00000000d6680000,0x00000000d6680000)
  from space 1536K, 85% used [0x00000000d7200000,0x00000000d7348000,0x00000000d7380000)
  to   space 1024K, 0% used [0x00000000d7380000,0x00000000d7380000,0x00000000d7480000)
 ParOldGen       total 90112K, used 89971K [0x0000000080000000, 0x0000000085800000, 0x00000000d5580000)
  object space 90112K, 99% used [0x0000000080000000,0x00000000857dcda8,0x0000000085800000)
 Metaspace       used 63718K, committed 65216K, reserved 1114112K
  class space    used 6783K, committed 7424K, reserved 1048576K
}
Event: 79.617 GC heap after
{Heap after GC invocations=57 (full 3):
 PSYoungGen      total 18432K, used 1024K [0x00000000d5580000, 0x00000000d7480000, 0x0000000100000000)
  eden space 17408K, 0% used [0x00000000d5580000,0x00000000d5580000,0x00000000d6680000)
  from space 1024K, 100% used [0x00000000d7380000,0x00000000d7480000,0x00000000d7480000)
  to   space 3072K, 0% used [0x00000000d6e80000,0x00000000d6e80000,0x00000000d7180000)
 ParOldGen       total 91648K, used 91395K [0x0000000080000000, 0x0000000085980000, 0x00000000d5580000)
  object space 91648K, 99% used [0x0000000080000000,0x0000000085940da8,0x0000000085980000)
 Metaspace       used 63718K, committed 65216K, reserved 1114112K
  class space    used 6783K, committed 7424K, reserved 1048576K
}
Event: 80.174 GC heap before
{Heap before GC invocations=58 (full 3):
 PSYoungGen      total 18432K, used 18432K [0x00000000d5580000, 0x00000000d7480000, 0x0000000100000000)
  eden space 17408K, 100% used [0x00000000d5580000,0x00000000d6680000,0x00000000d6680000)
  from space 1024K, 100% used [0x00000000d7380000,0x00000000d7480000,0x00000000d7480000)
  to   space 3072K, 0% used [0x00000000d6e80000,0x00000000d6e80000,0x00000000d7180000)
 ParOldGen       total 91648K, used 91395K [0x0000000080000000, 0x0000000085980000, 0x00000000d5580000)
  object space 91648K, 99% used [0x0000000080000000,0x0000000085940da8,0x0000000085980000)
 Metaspace       used 63888K, committed 65408K, reserved 1114112K
  class space    used 6786K, committed 7424K, reserved 1048576K
}
Event: 80.180 GC heap after
{Heap after GC invocations=58 (full 3):
 PSYoungGen      total 20480K, used 1568K [0x00000000d5580000, 0x00000000d7400000, 0x0000000100000000)
  eden space 17408K, 0% used [0x00000000d5580000,0x00000000d5580000,0x00000000d6680000)
  from space 3072K, 51% used [0x00000000d6e80000,0x00000000d7008000,0x00000000d7180000)
  to   space 2048K, 0% used [0x00000000d7200000,0x00000000d7200000,0x00000000d7400000)
 ParOldGen       total 92672K, used 92312K [0x0000000080000000, 0x0000000085a80000, 0x00000000d5580000)
  object space 92672K, 99% used [0x0000000080000000,0x0000000085a26288,0x0000000085a80000)
 Metaspace       used 63888K, committed 65408K, reserved 1114112K
  class space    used 6786K, committed 7424K, reserved 1048576K
}
Event: 80.759 GC heap before
{Heap before GC invocations=59 (full 3):
 PSYoungGen      total 20480K, used 18970K [0x00000000d5580000, 0x00000000d7400000, 0x0000000100000000)
  eden space 17408K, 99% used [0x00000000d5580000,0x00000000d667eaa8,0x00000000d6680000)
  from space 3072K, 51% used [0x00000000d6e80000,0x00000000d7008000,0x00000000d7180000)
  to   space 2048K, 0% used [0x00000000d7200000,0x00000000d7200000,0x00000000d7400000)
 ParOldGen       total 92672K, used 92312K [0x0000000080000000, 0x0000000085a80000, 0x00000000d5580000)
  object space 92672K, 99% used [0x0000000080000000,0x0000000085a26288,0x0000000085a80000)
 Metaspace       used 64066K, committed 65536K, reserved 1114112K
  class space    used 6788K, committed 7424K, reserved 1048576K
}
Event: 80.764 GC heap after
{Heap after GC invocations=59 (full 3):
 PSYoungGen      total 18432K, used 960K [0x00000000d5580000, 0x00000000d7300000, 0x0000000100000000)
  eden space 17408K, 0% used [0x00000000d5580000,0x00000000d5580000,0x00000000d6680000)
  from space 1024K, 93% used [0x00000000d7200000,0x00000000d72f0020,0x00000000d7300000)
  to   space 1536K, 0% used [0x00000000d7000000,0x00000000d7000000,0x00000000d7180000)
 ParOldGen       total 93696K, used 93216K [0x0000000080000000, 0x0000000085b80000, 0x00000000d5580000)
  object space 93696K, 99% used [0x0000000080000000,0x0000000085b08288,0x0000000085b80000)
 Metaspace       used 64066K, committed 65536K, reserved 1114112K
  class space    used 6788K, committed 7424K, reserved 1048576K
}
Event: 82.929 GC heap before
{Heap before GC invocations=60 (full 3):
 PSYoungGen      total 18432K, used 18368K [0x00000000d5580000, 0x00000000d7300000, 0x0000000100000000)
  eden space 17408K, 100% used [0x00000000d5580000,0x00000000d6680000,0x00000000d6680000)
  from space 1024K, 93% used [0x00000000d7200000,0x00000000d72f0020,0x00000000d7300000)
  to   space 1536K, 0% used [0x00000000d7000000,0x00000000d7000000,0x00000000d7180000)
 ParOldGen       total 93696K, used 93216K [0x0000000080000000, 0x0000000085b80000, 0x00000000d5580000)
  object space 93696K, 99% used [0x0000000080000000,0x0000000085b08288,0x0000000085b80000)
 Metaspace       used 64600K, committed 66176K, reserved 1114112K
  class space    used 6851K, committed 7488K, reserved 1048576K
}
Event: 82.961 GC heap after
{Heap after GC invocations=60 (full 3):
 PSYoungGen      total 18944K, used 1216K [0x00000000d5580000, 0x00000000d7280000, 0x0000000100000000)
  eden space 17408K, 0% used [0x00000000d5580000,0x00000000d5580000,0x00000000d6680000)
  from space 1536K, 79% used [0x00000000d7000000,0x00000000d7130000,0x00000000d7180000)
  to   space 1024K, 0% used [0x00000000d7180000,0x00000000d7180000,0x00000000d7280000)
 ParOldGen       total 94208K, used 93920K [0x0000000080000000, 0x0000000085c00000, 0x00000000d5580000)
  object space 94208K, 99% used [0x0000000080000000,0x0000000085bb8288,0x0000000085c00000)
 Metaspace       used 64600K, committed 66176K, reserved 1114112K
  class space    used 6851K, committed 7488K, reserved 1048576K
}
Event: 84.111 GC heap before
{Heap before GC invocations=61 (full 3):
 PSYoungGen      total 18944K, used 18624K [0x00000000d5580000, 0x00000000d7280000, 0x0000000100000000)
  eden space 17408K, 100% used [0x00000000d5580000,0x00000000d6680000,0x00000000d6680000)
  from space 1536K, 79% used [0x00000000d7000000,0x00000000d7130000,0x00000000d7180000)
  to   space 1024K, 0% used [0x00000000d7180000,0x00000000d7180000,0x00000000d7280000)
 ParOldGen       total 94208K, used 93920K [0x0000000080000000, 0x0000000085c00000, 0x00000000d5580000)
  object space 94208K, 99% used [0x0000000080000000,0x0000000085bb8288,0x0000000085c00000)
 Metaspace       used 65129K, committed 66688K, reserved 1114112K
  class space    used 6923K, committed 7552K, reserved 1048576K
}
Event: 84.140 GC heap after
{Heap after GC invocations=61 (full 3):
 PSYoungGen      total 18432K, used 1024K [0x00000000d5580000, 0x00000000d7280000, 0x0000000100000000)
  eden space 17408K, 0% used [0x00000000d5580000,0x00000000d5580000,0x00000000d6680000)
  from space 1024K, 100% used [0x00000000d7180000,0x00000000d7280000,0x00000000d7280000)
  to   space 2560K, 0% used [0x00000000d6d80000,0x00000000d6d80000,0x00000000d7000000)
 ParOldGen       total 95232K, used 95047K [0x0000000080000000, 0x0000000085d00000, 0x00000000d5580000)
  object space 95232K, 99% used [0x0000000080000000,0x0000000085cd1d20,0x0000000085d00000)
 Metaspace       used 65129K, committed 66688K, reserved 1114112K
  class space    used 6923K, committed 7552K, reserved 1048576K
}
Event: 85.156 GC heap before
{Heap before GC invocations=62 (full 3):
 PSYoungGen      total 18432K, used 18432K [0x00000000d5580000, 0x00000000d7280000, 0x0000000100000000)
  eden space 17408K, 100% used [0x00000000d5580000,0x00000000d6680000,0x00000000d6680000)
  from space 1024K, 100% used [0x00000000d7180000,0x00000000d7280000,0x00000000d7280000)
  to   space 2560K, 0% used [0x00000000d6d80000,0x00000000d6d80000,0x00000000d7000000)
 ParOldGen       total 95232K, used 95047K [0x0000000080000000, 0x0000000085d00000, 0x00000000d5580000)
  object space 95232K, 99% used [0x0000000080000000,0x0000000085cd1d20,0x0000000085d00000)
 Metaspace       used 66066K, committed 67584K, reserved 1114112K
  class space    used 7009K, committed 7616K, reserved 1048576K
}
Event: 85.167 GC heap after
{Heap after GC invocations=62 (full 3):
 PSYoungGen      total 19968K, used 2549K [0x00000000d5580000, 0x00000000d7c80000, 0x0000000100000000)
  eden space 17408K, 0% used [0x00000000d5580000,0x00000000d5580000,0x00000000d6680000)
  from space 2560K, 99% used [0x00000000d6d80000,0x00000000d6ffd4b8,0x00000000d7000000)
  to   space 11264K, 0% used [0x00000000d7180000,0x00000000d7180000,0x00000000d7c80000)
 ParOldGen       total 102400K, used 101984K [0x0000000080000000, 0x0000000086400000, 0x00000000d5580000)
  object space 102400K, 99% used [0x0000000080000000,0x0000000086398390,0x0000000086400000)
 Metaspace       used 66066K, committed 67584K, reserved 1114112K
  class space    used 7009K, committed 7616K, reserved 1048576K
}
Event: 86.831 GC heap before
{Heap before GC invocations=63 (full 3):
 PSYoungGen      total 19968K, used 19957K [0x00000000d5580000, 0x00000000d7c80000, 0x0000000100000000)
  eden space 17408K, 100% used [0x00000000d5580000,0x00000000d6680000,0x00000000d6680000)
  from space 2560K, 99% used [0x00000000d6d80000,0x00000000d6ffd4b8,0x00000000d7000000)
  to   space 11264K, 0% used [0x00000000d7180000,0x00000000d7180000,0x00000000d7c80000)
 ParOldGen       total 102400K, used 101984K [0x0000000080000000, 0x0000000086400000, 0x00000000d5580000)
  object space 102400K, 99% used [0x0000000080000000,0x0000000086398390,0x0000000086400000)
 Metaspace       used 66273K, committed 67840K, reserved 1114112K
  class space    used 7036K, committed 7680K, reserved 1048576K
}
Event: 86.839 GC heap after
{Heap after GC invocations=63 (full 3):
 PSYoungGen      total 19456K, used 1536K [0x00000000d5580000, 0x00000000d7380000, 0x0000000100000000)
  eden space 17408K, 0% used [0x00000000d5580000,0x00000000d5580000,0x00000000d6680000)
  from space 2048K, 75% used [0x00000000d7180000,0x00000000d7300020,0x00000000d7380000)
  to   space 4608K, 0% used [0x00000000d6a80000,0x00000000d6a80000,0x00000000d6f00000)
 ParOldGen       total 104960K, used 104572K [0x0000000080000000, 0x0000000086680000, 0x00000000d5580000)
  object space 104960K, 99% used [0x0000000080000000,0x000000008661f2b8,0x0000000086680000)
 Metaspace       used 66273K, committed 67840K, reserved 1114112K
  class space    used 7036K, committed 7680K, reserved 1048576K
}
Event: 129.356 GC heap before
{Heap before GC invocations=64 (full 3):
 PSYoungGen      total 19456K, used 18944K [0x00000000d5580000, 0x00000000d7380000, 0x0000000100000000)
  eden space 17408K, 100% used [0x00000000d5580000,0x00000000d6680000,0x00000000d6680000)
  from space 2048K, 75% used [0x00000000d7180000,0x00000000d7300020,0x00000000d7380000)
  to   space 4608K, 0% used [0x00000000d6a80000,0x00000000d6a80000,0x00000000d6f00000)
 ParOldGen       total 104960K, used 104572K [0x0000000080000000, 0x0000000086680000, 0x00000000d5580000)
  object space 104960K, 99% used [0x0000000080000000,0x000000008661f2b8,0x0000000086680000)
 Metaspace       used 66580K, committed 68096K, reserved 1114112K
  class space    used 7062K, committed 7680K, reserved 1048576K
}
Event: 129.551 GC heap after
{Heap after GC invocations=64 (full 3):
 PSYoungGen      total 22016K, used 448K [0x00000000d5580000, 0x00000000d7200000, 0x0000000100000000)
  eden space 17408K, 0% used [0x00000000d5580000,0x00000000d5580000,0x00000000d6680000)
  from space 4608K, 9% used [0x00000000d6a80000,0x00000000d6af0020,0x00000000d6f00000)
  to   space 1536K, 0% used [0x00000000d7080000,0x00000000d7080000,0x00000000d7200000)
 ParOldGen       total 106496K, used 105996K [0x0000000080000000, 0x0000000086800000, 0x00000000d5580000)
  object space 106496K, 99% used [0x0000000080000000,0x0000000086783308,0x0000000086800000)
 Metaspace       used 66580K, committed 68096K, reserved 1114112K
  class space    used 7062K, committed 7680K, reserved 1048576K
}
Event: 291.109 GC heap before
{Heap before GC invocations=65 (full 3):
 PSYoungGen      total 22016K, used 17856K [0x00000000d5580000, 0x00000000d7200000, 0x0000000100000000)
  eden space 17408K, 100% used [0x00000000d5580000,0x00000000d6680000,0x00000000d6680000)
  from space 4608K, 9% used [0x00000000d6a80000,0x00000000d6af0020,0x00000000d6f00000)
  to   space 1536K, 0% used [0x00000000d7080000,0x00000000d7080000,0x00000000d7200000)
 ParOldGen       total 106496K, used 105996K [0x0000000080000000, 0x0000000086800000, 0x00000000d5580000)
  object space 106496K, 99% used [0x0000000080000000,0x0000000086783308,0x0000000086800000)
 Metaspace       used 67255K, committed 68864K, reserved 1114112K
  class space    used 7155K, committed 7808K, reserved 1048576K
}
Event: 291.220 GC heap after
{Heap after GC invocations=65 (full 3):
 PSYoungGen      total 18944K, used 1519K [0x00000000d5580000, 0x00000000d7780000, 0x0000000100000000)
  eden space 17408K, 0% used [0x00000000d5580000,0x00000000d5580000,0x00000000d6680000)
  from space 1536K, 98% used [0x00000000d7080000,0x00000000d71fbf08,0x00000000d7200000)
  to   space 8704K, 0% used [0x00000000d6680000,0x00000000d6680000,0x00000000d6f00000)
 ParOldGen       total 112128K, used 111758K [0x0000000080000000, 0x0000000086d80000, 0x00000000d5580000)
  object space 112128K, 99% used [0x0000000080000000,0x0000000086d23ba0,0x0000000086d80000)
 Metaspace       used 67255K, committed 68864K, reserved 1114112K
  class space    used 7155K, committed 7808K, reserved 1048576K
}

