# JRE version: OpenJDK Runtime Environment Temurin-21.0.10+7 (21.0.10+7) (build 21.0.10+7-LTS)
# Java VM: OpenJDK 64-Bit Server VM Temurin-21.0.10+7 (21.0.10+7-LTS, mixed mode, sharing, tiered, compressed oops, compressed class ptrs, parallel gc, windows-amd64)
GC Precious Log:
 CardTable entry size: 512
 CPUs: 8 total, 8 available
 Memory: 3899M
 Large Page Support: Disabled
 NUMA Support: Disabled
 Compressed Oops: Enabled (32-bit)
 Alignments: Space 512K, Generation 512K, Heap 2M
 Heap Min Capacity: 100M
 Heap Initial Capacity: 100M
 Heap Max Capacity: 2G
 Pre-touch: Disabled
 Parallel Workers: 8
Heap:
 PSYoungGen      total 15872K, used 13329K [0x00000000d5580000, 0x00000000d6d00000, 0x0000000100000000)
  eden space 14848K, 83% used [0x00000000d5580000,0x00000000d61a9b30,0x00000000d6400000)
  from space 1024K, 85% used [0x00000000d6c00000,0x00000000d6cda8d8,0x00000000d6d00000)
  to   space 1536K, 0% used [0x00000000d6a00000,0x00000000d6a00000,0x00000000d6b80000)
 ParOldGen       total 204288K, used 204107K [0x0000000080000000, 0x000000008c780000, 0x00000000d5580000)
  object space 204288K, 99% used [0x0000000080000000,0x000000008c752ec0,0x000000008c780000)
 Metaspace       used 79213K, committed 80832K, reserved 1179648K
  class space    used 8460K, committed 9152K, reserved 1048576K
GC Heap History (20 events):
Event: 645.623 GC heap before
{Heap before GC invocations=96 (full 3):
 PSYoungGen      total 15360K, used 15136K [0x00000000d5580000, 0x00000000d6900000, 0x0000000100000000)
  eden space 14848K, 100% used [0x00000000d5580000,0x00000000d6400000,0x00000000d6400000)
  from space 512K, 56% used [0x00000000d6880000,0x00000000d68c8000,0x00000000d6900000)
  to   space 512K, 0% used [0x00000000d6800000,0x00000000d6800000,0x00000000d6880000)
 ParOldGen       total 175104K, used 174664K [0x0000000080000000, 0x000000008ab00000, 0x00000000d5580000)
  object space 175104K, 99% used [0x0000000080000000,0x000000008aa92028,0x000000008ab00000)
 Metaspace       used 76276K, committed 77824K, reserved 1179648K
  class space    used 8175K, committed 8832K, reserved 1048576K
}
Event: 646.031 GC heap after
{Heap after GC invocations=96 (full 3):
 PSYoungGen      total 15360K, used 500K [0x00000000d5580000, 0x00000000d6900000, 0x0000000100000000)
  eden space 14848K, 0% used [0x00000000d5580000,0x00000000d5580000,0x00000000d6400000)
  from space 512K, 97% used [0x00000000d6800000,0x00000000d687d220,0x00000000d6880000)
  to   space 512K, 0% used [0x00000000d6880000,0x00000000d6880000,0x00000000d6900000)
 ParOldGen       total 175616K, used 175346K [0x0000000080000000, 0x000000008ab80000, 0x00000000d5580000)
  object space 175616K, 99% used [0x0000000080000000,0x000000008ab3c948,0x000000008ab80000)
 Metaspace       used 76276K, committed 77824K, reserved 1179648K
  class space    used 8175K, committed 8832K, reserved 1048576K
}
Event: 647.465 GC heap before
{Heap before GC invocations=97 (full 3):
 PSYoungGen      total 15360K, used 15348K [0x00000000d5580000, 0x00000000d6900000, 0x0000000100000000)
  eden space 14848K, 100% used [0x00000000d5580000,0x00000000d6400000,0x00000000d6400000)
  from space 512K, 97% used [0x00000000d6800000,0x00000000d687d220,0x00000000d6880000)
  to   space 512K, 0% used [0x00000000d6880000,0x00000000d6880000,0x00000000d6900000)
 ParOldGen       total 175616K, used 175346K [0x0000000080000000, 0x000000008ab80000, 0x00000000d5580000)
  object space 175616K, 99% used [0x0000000080000000,0x000000008ab3c948,0x000000008ab80000)
 Metaspace       used 76346K, committed 77888K, reserved 1179648K
  class space    used 8175K, committed 8832K, reserved 1048576K
}
Event: 647.510 GC heap after
{Heap after GC invocations=97 (full 3):
 PSYoungGen      total 15360K, used 512K [0x00000000d5580000, 0x00000000d6900000, 0x0000000100000000)
  eden space 14848K, 0% used [0x00000000d5580000,0x00000000d5580000,0x00000000d6400000)
  from space 512K, 100% used [0x00000000d6880000,0x00000000d6900000,0x00000000d6900000)
  to   space 2048K, 0% used [0x00000000d6500000,0x00000000d6500000,0x00000000d6700000)
 ParOldGen       total 176640K, used 176307K [0x0000000080000000, 0x000000008ac80000, 0x00000000d5580000)
  object space 176640K, 99% used [0x0000000080000000,0x000000008ac2ce28,0x000000008ac80000)
 Metaspace       used 76346K, committed 77888K, reserved 1179648K
  class space    used 8175K, committed 8832K, reserved 1048576K
}
Event: 653.221 GC heap before
{Heap before GC invocations=98 (full 3):
 PSYoungGen      total 15360K, used 15360K [0x00000000d5580000, 0x00000000d6900000, 0x0000000100000000)
  eden space 14848K, 100% used [0x00000000d5580000,0x00000000d6400000,0x00000000d6400000)
  from space 512K, 100% used [0x00000000d6880000,0x00000000d6900000,0x00000000d6900000)
  to   space 2048K, 0% used [0x00000000d6500000,0x00000000d6500000,0x00000000d6700000)
 ParOldGen       total 176640K, used 176307K [0x0000000080000000, 0x000000008ac80000, 0x00000000d5580000)
  object space 176640K, 99% used [0x0000000080000000,0x000000008ac2ce28,0x000000008ac80000)
 Metaspace       used 76400K, committed 78016K, reserved 1179648K
  class space    used 8182K, committed 8896K, reserved 1048576K
}
Event: 653.726 GC heap after
{Heap after GC invocations=98 (full 3):
 PSYoungGen      total 16896K, used 2025K [0x00000000d5580000, 0x00000000d7a00000, 0x0000000100000000)
  eden space 14848K, 0% used [0x00000000d5580000,0x00000000d5580000,0x00000000d6400000)
  from space 2048K, 98% used [0x00000000d6500000,0x00000000d66fa480,0x00000000d6700000)
  to   space 11264K, 0% used [0x00000000d6f00000,0x00000000d6f00000,0x00000000d7a00000)
 ParOldGen       total 184320K, used 183953K [0x0000000080000000, 0x000000008b400000, 0x00000000d5580000)
  object space 184320K, 99% used [0x0000000080000000,0x000000008b3a45a8,0x000000008b400000)
 Metaspace       used 76400K, committed 78016K, reserved 1179648K
  class space    used 8182K, committed 8896K, reserved 1048576K
}
Event: 655.555 GC heap before
{Heap before GC invocations=99 (full 3):
 PSYoungGen      total 16896K, used 16873K [0x00000000d5580000, 0x00000000d7a00000, 0x0000000100000000)
  eden space 14848K, 100% used [0x00000000d5580000,0x00000000d6400000,0x00000000d6400000)
  from space 2048K, 98% used [0x00000000d6500000,0x00000000d66fa480,0x00000000d6700000)
  to   space 11264K, 0% used [0x00000000d6f00000,0x00000000d6f00000,0x00000000d7a00000)
 ParOldGen       total 184320K, used 183953K [0x0000000080000000, 0x000000008b400000, 0x00000000d5580000)
  object space 184320K, 99% used [0x0000000080000000,0x000000008b3a45a8,0x000000008b400000)
 Metaspace       used 76447K, committed 78080K, reserved 1179648K
  class space    used 8188K, committed 8896K, reserved 1048576K
}
Event: 656.238 GC heap after
{Heap after GC invocations=99 (full 3):
 PSYoungGen      total 18944K, used 4026K [0x00000000d5580000, 0x00000000d7300000, 0x0000000100000000)
  eden space 14848K, 0% used [0x00000000d5580000,0x00000000d5580000,0x00000000d6400000)
  from space 4096K, 98% used [0x00000000d6f00000,0x00000000d72eea60,0x00000000d7300000)
  to   space 6144K, 0% used [0x00000000d6700000,0x00000000d6700000,0x00000000d6d00000)
 ParOldGen       total 184832K, used 184669K [0x0000000080000000, 0x000000008b480000, 0x00000000d5580000)
  object space 184832K, 99% used [0x0000000080000000,0x000000008b457768,0x000000008b480000)
 Metaspace       used 76447K, committed 78080K, reserved 1179648K
  class space    used 8188K, committed 8896K, reserved 1048576K
}
Event: 667.787 GC heap before
{Heap before GC invocations=100 (full 3):
 PSYoungGen      total 18944K, used 18224K [0x00000000d5580000, 0x00000000d7300000, 0x0000000100000000)
  eden space 14848K, 95% used [0x00000000d5580000,0x00000000d635d690,0x00000000d6400000)
  from space 4096K, 98% used [0x00000000d6f00000,0x00000000d72eea60,0x00000000d7300000)
  to   space 6144K, 0% used [0x00000000d6700000,0x00000000d6700000,0x00000000d6d00000)
 ParOldGen       total 184832K, used 184669K [0x0000000080000000, 0x000000008b480000, 0x00000000d5580000)
  object space 184832K, 99% used [0x0000000080000000,0x000000008b457768,0x000000008b480000)
 Metaspace       used 76738K, committed 78272K, reserved 1179648K
  class space    used 8222K, committed 8896K, reserved 1048576K
}
Event: 668.171 GC heap after
{Heap after GC invocations=100 (full 3):
 PSYoungGen      total 20992K, used 6114K [0x00000000d5580000, 0x00000000d8000000, 0x0000000100000000)
  eden space 14848K, 0% used [0x00000000d5580000,0x00000000d5580000,0x00000000d6400000)
  from space 6144K, 99% used [0x00000000d6700000,0x00000000d6cf8888,0x00000000d6d00000)
  to   space 14336K, 0% used [0x00000000d7200000,0x00000000d7200000,0x00000000d8000000)
 ParOldGen       total 191488K, used 191085K [0x0000000080000000, 0x000000008bb00000, 0x00000000d5580000)
  object space 191488K, 99% used [0x0000000080000000,0x000000008ba9b458,0x000000008bb00000)
 Metaspace       used 76738K, committed 78272K, reserved 1179648K
  class space    used 8222K, committed 8896K, reserved 1048576K
}
Event: 677.549 GC heap before
{Heap before GC invocations=101 (full 3):
 PSYoungGen      total 20992K, used 20962K [0x00000000d5580000, 0x00000000d8000000, 0x0000000100000000)
  eden space 14848K, 100% used [0x00000000d5580000,0x00000000d6400000,0x00000000d6400000)
  from space 6144K, 99% used [0x00000000d6700000,0x00000000d6cf8888,0x00000000d6d00000)
  to   space 14336K, 0% used [0x00000000d7200000,0x00000000d7200000,0x00000000d8000000)
 ParOldGen       total 191488K, used 191085K [0x0000000080000000, 0x000000008bb00000, 0x00000000d5580000)
  object space 191488K, 99% used [0x0000000080000000,0x000000008ba9b458,0x000000008bb00000)
 Metaspace       used 77080K, committed 78656K, reserved 1179648K
  class space    used 8249K, committed 8960K, reserved 1048576K
}
Event: 677.691 GC heap after
{Heap after GC invocations=101 (full 3):
 PSYoungGen      total 20992K, used 5974K [0x00000000d5580000, 0x00000000d7800000, 0x0000000100000000)
  eden space 14848K, 0% used [0x00000000d5580000,0x00000000d5580000,0x00000000d6400000)
  from space 6144K, 97% used [0x00000000d7200000,0x00000000d77d59c0,0x00000000d7800000)
  to   space 8704K, 0% used [0x00000000d6700000,0x00000000d6700000,0x00000000d6f80000)
 ParOldGen       total 197120K, used 197073K [0x0000000080000000, 0x000000008c080000, 0x00000000d5580000)
  object space 197120K, 99% used [0x0000000080000000,0x000000008c074648,0x000000008c080000)
 Metaspace       used 77080K, committed 78656K, reserved 1179648K
  class space    used 8249K, committed 8960K, reserved 1048576K
}
Event: 678.378 GC heap before
{Heap before GC invocations=102 (full 3):
 PSYoungGen      total 20992K, used 20822K [0x00000000d5580000, 0x00000000d7800000, 0x0000000100000000)
  eden space 14848K, 100% used [0x00000000d5580000,0x00000000d6400000,0x00000000d6400000)
  from space 6144K, 97% used [0x00000000d7200000,0x00000000d77d59c0,0x00000000d7800000)
  to   space 8704K, 0% used [0x00000000d6700000,0x00000000d6700000,0x00000000d6f80000)
 ParOldGen       total 197120K, used 197073K [0x0000000080000000, 0x000000008c080000, 0x00000000d5580000)
  object space 197120K, 99% used [0x0000000080000000,0x000000008c074648,0x000000008c080000)
 Metaspace       used 77229K, committed 78784K, reserved 1179648K
  class space    used 8262K, committed 8960K, reserved 1048576K
}
Event: 678.385 GC heap after
{Heap after GC invocations=102 (full 3):
 PSYoungGen      total 16384K, used 1140K [0x00000000d5580000, 0x00000000d7280000, 0x0000000100000000)
  eden space 14848K, 0% used [0x00000000d5580000,0x00000000d5580000,0x00000000d6400000)
  from space 1536K, 74% used [0x00000000d6700000,0x00000000d681d200,0x00000000d6880000)
  to   space 3584K, 0% used [0x00000000d6f00000,0x00000000d6f00000,0x00000000d7280000)
 ParOldGen       total 199168K, used 199018K [0x0000000080000000, 0x000000008c280000, 0x00000000d5580000)
  object space 199168K, 99% used [0x0000000080000000,0x000000008c25aba0,0x000000008c280000)
 Metaspace       used 77229K, committed 78784K, reserved 1179648K
  class space    used 8262K, committed 8960K, reserved 1048576K
}
Event: 679.293 GC heap before
{Heap before GC invocations=103 (full 3):
 PSYoungGen      total 16384K, used 15988K [0x00000000d5580000, 0x00000000d7280000, 0x0000000100000000)
  eden space 14848K, 100% used [0x00000000d5580000,0x00000000d6400000,0x00000000d6400000)
  from space 1536K, 74% used [0x00000000d6700000,0x00000000d681d200,0x00000000d6880000)
  to   space 3584K, 0% used [0x00000000d6f00000,0x00000000d6f00000,0x00000000d7280000)
 ParOldGen       total 199168K, used 199018K [0x0000000080000000, 0x000000008c280000, 0x00000000d5580000)
  object space 199168K, 99% used [0x0000000080000000,0x000000008c25aba0,0x000000008c280000)
 Metaspace       used 77577K, committed 79168K, reserved 1179648K
  class space    used 8288K, committed 8960K, reserved 1048576K
}
Event: 679.305 GC heap after
{Heap after GC invocations=103 (full 3):
 PSYoungGen      total 18432K, used 3571K [0x00000000d5580000, 0x00000000d7280000, 0x0000000100000000)
  eden space 14848K, 0% used [0x00000000d5580000,0x00000000d5580000,0x00000000d6400000)
  from space 3584K, 99% used [0x00000000d6f00000,0x00000000d727cfb0,0x00000000d7280000)
  to   space 6656K, 0% used [0x00000000d6580000,0x00000000d6580000,0x00000000d6c00000)
 ParOldGen       total 201216K, used 200979K [0x0000000080000000, 0x000000008c480000, 0x00000000d5580000)
  object space 201216K, 99% used [0x0000000080000000,0x000000008c444d30,0x000000008c480000)
 Metaspace       used 77577K, committed 79168K, reserved 1179648K
  class space    used 8288K, committed 8960K, reserved 1048576K
}
Event: 682.074 GC heap before
{Heap before GC invocations=104 (full 3):
 PSYoungGen      total 18432K, used 18419K [0x00000000d5580000, 0x00000000d7280000, 0x0000000100000000)
  eden space 14848K, 100% used [0x00000000d5580000,0x00000000d6400000,0x00000000d6400000)
  from space 3584K, 99% used [0x00000000d6f00000,0x00000000d727cfb0,0x00000000d7280000)
  to   space 6656K, 0% used [0x00000000d6580000,0x00000000d6580000,0x00000000d6c00000)
 ParOldGen       total 201216K, used 200979K [0x0000000080000000, 0x000000008c480000, 0x00000000d5580000)
  object space 201216K, 99% used [0x0000000080000000,0x000000008c444d30,0x000000008c480000)
 Metaspace       used 78127K, committed 79680K, reserved 1179648K
  class space    used 8359K, committed 9024K, reserved 1048576K
}
Event: 682.112 GC heap after
{Heap after GC invocations=104 (full 3):
 PSYoungGen      total 21504K, used 1809K [0x00000000d5580000, 0x00000000d6f80000, 0x0000000100000000)
  eden space 14848K, 0% used [0x00000000d5580000,0x00000000d5580000,0x00000000d6400000)
  from space 6656K, 27% used [0x00000000d6580000,0x00000000d67446f0,0x00000000d6c00000)
  to   space 3584K, 0% used [0x00000000d6c00000,0x00000000d6c00000,0x00000000d6f80000)
 ParOldGen       total 202752K, used 202420K [0x0000000080000000, 0x000000008c600000, 0x00000000d5580000)
  object space 202752K, 99% used [0x0000000080000000,0x000000008c5ad370,0x000000008c600000)
 Metaspace       used 78127K, committed 79680K, reserved 1179648K
  class space    used 8359K, committed 9024K, reserved 1048576K
}
Event: 684.571 GC heap before
{Heap before GC invocations=105 (full 3):
 PSYoungGen      total 21504K, used 16657K [0x00000000d5580000, 0x00000000d6f80000, 0x0000000100000000)
  eden space 14848K, 100% used [0x00000000d5580000,0x00000000d6400000,0x00000000d6400000)
  from space 6656K, 27% used [0x00000000d6580000,0x00000000d67446f0,0x00000000d6c00000)
  to   space 3584K, 0% used [0x00000000d6c00000,0x00000000d6c00000,0x00000000d6f80000)
 ParOldGen       total 202752K, used 202420K [0x0000000080000000, 0x000000008c600000, 0x00000000d5580000)
  object space 202752K, 99% used [0x0000000080000000,0x000000008c5ad370,0x000000008c600000)
 Metaspace       used 78790K, committed 80384K, reserved 1179648K
  class space    used 8426K, committed 9152K, reserved 1048576K
}
Event: 684.576 GC heap after
{Heap after GC invocations=105 (full 3):
 PSYoungGen      total 15872K, used 874K [0x00000000d5580000, 0x00000000d6d00000, 0x0000000100000000)
  eden space 14848K, 0% used [0x00000000d5580000,0x00000000d5580000,0x00000000d6400000)
  from space 1024K, 85% used [0x00000000d6c00000,0x00000000d6cda8d8,0x00000000d6d00000)
  to   space 1536K, 0% used [0x00000000d6a00000,0x00000000d6a00000,0x00000000d6b80000)
 ParOldGen       total 204288K, used 204107K [0x0000000080000000, 0x000000008c780000, 0x00000000d5580000)
  object space 204288K, 99% used [0x0000000080000000,0x000000008c752ec0,0x000000008c780000)
 Metaspace       used 78790K, committed 80384K, reserved 1179648K
  class space    used 8426K, committed 9152K, reserved 1048576K
}

