# JRE version: OpenJDK Runtime Environment Temurin-21.0.10+7 (21.0.10+7) (build 21.0.10+7-LTS)
# Java VM: OpenJDK 64-Bit Server VM Temurin-21.0.10+7 (21.0.10+7-LTS, mixed mode, sharing, tiered, compressed oops, compressed class ptrs, parallel gc, windows-amd64)
GC Precious Log:
 CardTable entry size: 512
 CPUs: 8 total, 8 available
 Memory: 3899M
 Large Page Support: Disabled
 NUMA Support: Disabled
 Compressed Oops: Enabled (32-bit)
 Alignments: Space 512K, Generation 512K, Heap 2M
 Heap Min Capacity: 100M
 Heap Initial Capacity: 100M
 Heap Max Capacity: 2G
 Pre-touch: Disabled
 Parallel Workers: 8
Heap:
 PSYoungGen      total 13824K, used 10738K [0x00000000d5580000, 0x00000000d6400000, 0x0000000100000000)
  eden space 12800K, 77% used [0x00000000d5580000,0x00000000d5f2b970,0x00000000d6200000)
  from space 1024K, 81% used [0x00000000d6200000,0x00000000d62d1100,0x00000000d6300000)
  to   space 1024K, 0% used [0x00000000d6300000,0x00000000d6300000,0x00000000d6400000)
 ParOldGen       total 85504K, used 60870K [0x0000000080000000, 0x0000000085380000, 0x00000000d5580000)
  object space 85504K, 71% used [0x0000000080000000,0x0000000083b71830,0x0000000085380000)
 Metaspace       used 59352K, committed 60736K, reserved 1114112K
  class space    used 6365K, committed 6912K, reserved 1048576K
GC Heap History (20 events):
Event: 20.984 GC heap before
{Heap before GC invocations=87 (full 2):
 PSYoungGen      total 14848K, used 14432K [0x00000000d5580000, 0x00000000d6500000, 0x0000000100000000)
  eden space 13824K, 100% used [0x00000000d5580000,0x00000000d6300000,0x00000000d6300000)
  from space 1024K, 59% used [0x00000000d6400000,0x00000000d6498000,0x00000000d6500000)
  to   space 1024K, 0% used [0x00000000d6300000,0x00000000d6300000,0x00000000d6400000)
 ParOldGen       total 81408K, used 80966K [0x0000000080000000, 0x0000000084f80000, 0x00000000d5580000)
  object space 81408K, 99% used [0x0000000080000000,0x0000000084f11a58,0x0000000084f80000)
 Metaspace       used 56792K, committed 58176K, reserved 1114112K
  class space    used 6142K, committed 6720K, reserved 1048576K
}
Event: 20.986 GC heap after
{Heap after GC invocations=87 (full 2):
 PSYoungGen      total 14848K, used 512K [0x00000000d5580000, 0x00000000d6500000, 0x0000000100000000)
  eden space 13824K, 0% used [0x00000000d5580000,0x00000000d5580000,0x00000000d6300000)
  from space 1024K, 50% used [0x00000000d6300000,0x00000000d6380000,0x00000000d6400000)
  to   space 1024K, 0% used [0x00000000d6400000,0x00000000d6400000,0x00000000d6500000)
 ParOldGen       total 81408K, used 81254K [0x0000000080000000, 0x0000000084f80000, 0x00000000d5580000)
  object space 81408K, 99% used [0x0000000080000000,0x0000000084f59a58,0x0000000084f80000)
 Metaspace       used 56792K, committed 58176K, reserved 1114112K
  class space    used 6142K, committed 6720K, reserved 1048576K
}
Event: 21.067 GC heap before
{Heap before GC invocations=88 (full 2):
 PSYoungGen      total 14848K, used 14336K [0x00000000d5580000, 0x00000000d6500000, 0x0000000100000000)
  eden space 13824K, 100% used [0x00000000d5580000,0x00000000d6300000,0x00000000d6300000)
  from space 1024K, 50% used [0x00000000d6300000,0x00000000d6380000,0x00000000d6400000)
  to   space 1024K, 0% used [0x00000000d6400000,0x00000000d6400000,0x00000000d6500000)
 ParOldGen       total 81408K, used 81254K [0x0000000080000000, 0x0000000084f80000, 0x00000000d5580000)
  object space 81408K, 99% used [0x0000000080000000,0x0000000084f59a58,0x0000000084f80000)
 Metaspace       used 56842K, committed 58176K, reserved 1114112K
  class space    used 6145K, committed 6720K, reserved 1048576K
}
Event: 21.070 GC heap after
{Heap after GC invocations=88 (full 2):
 PSYoungGen      total 14336K, used 448K [0x00000000d5580000, 0x00000000d6480000, 0x0000000100000000)
  eden space 13824K, 0% used [0x00000000d5580000,0x00000000d5580000,0x00000000d6300000)
  from space 512K, 87% used [0x00000000d6400000,0x00000000d6470000,0x00000000d6480000)
  to   space 512K, 0% used [0x00000000d6380000,0x00000000d6380000,0x00000000d6400000)
 ParOldGen       total 81920K, used 81686K [0x0000000080000000, 0x0000000085000000, 0x00000000d5580000)
  object space 81920K, 99% used [0x0000000080000000,0x0000000084fc5a68,0x0000000085000000)
 Metaspace       used 56842K, committed 58176K, reserved 1114112K
  class space    used 6145K, committed 6720K, reserved 1048576K
}
Event: 21.170 GC heap before
{Heap before GC invocations=89 (full 2):
 PSYoungGen      total 14336K, used 14272K [0x00000000d5580000, 0x00000000d6480000, 0x0000000100000000)
  eden space 13824K, 100% used [0x00000000d5580000,0x00000000d6300000,0x00000000d6300000)
  from space 512K, 87% used [0x00000000d6400000,0x00000000d6470000,0x00000000d6480000)
  to   space 512K, 0% used [0x00000000d6380000,0x00000000d6380000,0x00000000d6400000)
 ParOldGen       total 81920K, used 81686K [0x0000000080000000, 0x0000000085000000, 0x00000000d5580000)
  object space 81920K, 99% used [0x0000000080000000,0x0000000084fc5a68,0x0000000085000000)
 Metaspace       used 56954K, committed 58304K, reserved 1114112K
  class space    used 6160K, committed 6720K, reserved 1048576K
}
Event: 21.173 GC heap after
{Heap after GC invocations=89 (full 2):
 PSYoungGen      total 14336K, used 482K [0x00000000d5580000, 0x00000000d6500000, 0x0000000100000000)
  eden space 13824K, 0% used [0x00000000d5580000,0x00000000d5580000,0x00000000d6300000)
  from space 512K, 94% used [0x00000000d6380000,0x00000000d63f8998,0x00000000d6400000)
  to   space 1024K, 0% used [0x00000000d6400000,0x00000000d6400000,0x00000000d6500000)
 ParOldGen       total 82432K, used 81998K [0x0000000080000000, 0x0000000085080000, 0x00000000d5580000)
  object space 82432K, 99% used [0x0000000080000000,0x0000000085013a68,0x0000000085080000)
 Metaspace       used 56954K, committed 58304K, reserved 1114112K
  class space    used 6160K, committed 6720K, reserved 1048576K
}
Event: 21.325 GC heap before
{Heap before GC invocations=90 (full 2):
 PSYoungGen      total 14336K, used 14306K [0x00000000d5580000, 0x00000000d6500000, 0x0000000100000000)
  eden space 13824K, 100% used [0x00000000d5580000,0x00000000d6300000,0x00000000d6300000)
  from space 512K, 94% used [0x00000000d6380000,0x00000000d63f8998,0x00000000d6400000)
  to   space 1024K, 0% used [0x00000000d6400000,0x00000000d6400000,0x00000000d6500000)
 ParOldGen       total 82432K, used 81998K [0x0000000080000000, 0x0000000085080000, 0x00000000d5580000)
  object space 82432K, 99% used [0x0000000080000000,0x0000000085013a68,0x0000000085080000)
 Metaspace       used 57192K, committed 58496K, reserved 1114112K
  class space    used 6181K, committed 6720K, reserved 1048576K
}
Event: 21.329 GC heap after
{Heap after GC invocations=90 (full 2):
 PSYoungGen      total 14848K, used 738K [0x00000000d5580000, 0x00000000d6500000, 0x0000000100000000)
  eden space 13824K, 0% used [0x00000000d5580000,0x00000000d5580000,0x00000000d6300000)
  from space 1024K, 72% used [0x00000000d6400000,0x00000000d64b88b8,0x00000000d6500000)
  to   space 1024K, 0% used [0x00000000d6300000,0x00000000d6300000,0x00000000d6400000)
 ParOldGen       total 82432K, used 82274K [0x0000000080000000, 0x0000000085080000, 0x00000000d5580000)
  object space 82432K, 99% used [0x0000000080000000,0x0000000085058a78,0x0000000085080000)
 Metaspace       used 57192K, committed 58496K, reserved 1114112K
  class space    used 6181K, committed 6720K, reserved 1048576K
}
Event: 21.488 GC heap before
{Heap before GC invocations=91 (full 2):
 PSYoungGen      total 14848K, used 14162K [0x00000000d5580000, 0x00000000d6500000, 0x0000000100000000)
  eden space 13824K, 97% used [0x00000000d5580000,0x00000000d629c1d8,0x00000000d6300000)
  from space 1024K, 72% used [0x00000000d6400000,0x00000000d64b88b8,0x00000000d6500000)
  to   space 1024K, 0% used [0x00000000d6300000,0x00000000d6300000,0x00000000d6400000)
 ParOldGen       total 82432K, used 82274K [0x0000000080000000, 0x0000000085080000, 0x00000000d5580000)
  object space 82432K, 99% used [0x0000000080000000,0x0000000085058a78,0x0000000085080000)
 Metaspace       used 57280K, committed 58624K, reserved 1114112K
  class space    used 6188K, committed 6784K, reserved 1048576K
}
Event: 21.492 GC heap after
{Heap after GC invocations=91 (full 2):
 PSYoungGen      total 14848K, used 791K [0x00000000d5580000, 0x00000000d6500000, 0x0000000100000000)
  eden space 13824K, 0% used [0x00000000d5580000,0x00000000d5580000,0x00000000d6300000)
  from space 1024K, 77% used [0x00000000d6300000,0x00000000d63c5d28,0x00000000d6400000)
  to   space 1024K, 0% used [0x00000000d6400000,0x00000000d6400000,0x00000000d6500000)
 ParOldGen       total 82944K, used 82862K [0x0000000080000000, 0x0000000085100000, 0x00000000d5580000)
  object space 82944K, 99% used [0x0000000080000000,0x00000000850eb878,0x0000000085100000)
 Metaspace       used 57280K, committed 58624K, reserved 1114112K
  class space    used 6188K, committed 6784K, reserved 1048576K
}
Event: 21.763 GC heap before
{Heap before GC invocations=92 (full 2):
 PSYoungGen      total 14848K, used 14615K [0x00000000d5580000, 0x00000000d6500000, 0x0000000100000000)
  eden space 13824K, 99% used [0x00000000d5580000,0x00000000d62ffff8,0x00000000d6300000)
  from space 1024K, 77% used [0x00000000d6300000,0x00000000d63c5d28,0x00000000d6400000)
  to   space 1024K, 0% used [0x00000000d6400000,0x00000000d6400000,0x00000000d6500000)
 ParOldGen       total 82944K, used 82862K [0x0000000080000000, 0x0000000085100000, 0x00000000d5580000)
  object space 82944K, 99% used [0x0000000080000000,0x00000000850eb878,0x0000000085100000)
 Metaspace       used 57303K, committed 58624K, reserved 1114112K
  class space    used 6192K, committed 6784K, reserved 1048576K
}
Event: 21.768 GC heap after
{Heap after GC invocations=92 (full 2):
 PSYoungGen      total 13824K, used 1017K [0x00000000d5580000, 0x00000000d6700000, 0x0000000100000000)
  eden space 12800K, 0% used [0x00000000d5580000,0x00000000d5580000,0x00000000d6200000)
  from space 1024K, 99% used [0x00000000d6400000,0x00000000d64fe5e0,0x00000000d6500000)
  to   space 2048K, 0% used [0x00000000d6200000,0x00000000d6200000,0x00000000d6400000)
 ParOldGen       total 83968K, used 83707K [0x0000000080000000, 0x0000000085200000, 0x00000000d5580000)
  object space 83968K, 99% used [0x0000000080000000,0x00000000851bef48,0x0000000085200000)
 Metaspace       used 57303K, committed 58624K, reserved 1114112K
  class space    used 6192K, committed 6784K, reserved 1048576K
}
Event: 22.308 GC heap before
{Heap before GC invocations=93 (full 2):
 PSYoungGen      total 13824K, used 13817K [0x00000000d5580000, 0x00000000d6700000, 0x0000000100000000)
  eden space 12800K, 100% used [0x00000000d5580000,0x00000000d6200000,0x00000000d6200000)
  from space 1024K, 99% used [0x00000000d6400000,0x00000000d64fe5e0,0x00000000d6500000)
  to   space 2048K, 0% used [0x00000000d6200000,0x00000000d6200000,0x00000000d6400000)
 ParOldGen       total 83968K, used 83707K [0x0000000080000000, 0x0000000085200000, 0x00000000d5580000)
  object space 83968K, 99% used [0x0000000080000000,0x00000000851bef48,0x0000000085200000)
 Metaspace       used 57986K, committed 59328K, reserved 1114112K
  class space    used 6271K, committed 6848K, reserved 1048576K
}
Event: 22.314 GC heap after
{Heap after GC invocations=93 (full 2):
 PSYoungGen      total 13824K, used 890K [0x00000000d5580000, 0x00000000d6500000, 0x0000000100000000)
  eden space 12800K, 0% used [0x00000000d5580000,0x00000000d5580000,0x00000000d6200000)
  from space 1024K, 86% used [0x00000000d6200000,0x00000000d62de9e8,0x00000000d6300000)
  to   space 1536K, 0% used [0x00000000d6380000,0x00000000d6380000,0x00000000d6500000)
 ParOldGen       total 84992K, used 84740K [0x0000000080000000, 0x0000000085300000, 0x00000000d5580000)
  object space 84992K, 99% used [0x0000000080000000,0x00000000852c1398,0x0000000085300000)
 Metaspace       used 57986K, committed 59328K, reserved 1114112K
  class space    used 6271K, committed 6848K, reserved 1048576K
}
Event: 22.738 GC heap before
{Heap before GC invocations=94 (full 2):
 PSYoungGen      total 13824K, used 3411K [0x00000000d5580000, 0x00000000d6500000, 0x0000000100000000)
  eden space 12800K, 19% used [0x00000000d5580000,0x00000000d57f64f8,0x00000000d6200000)
  from space 1024K, 86% used [0x00000000d6200000,0x00000000d62de9e8,0x00000000d6300000)
  to   space 1536K, 0% used [0x00000000d6380000,0x00000000d6380000,0x00000000d6500000)
 ParOldGen       total 84992K, used 84740K [0x0000000080000000, 0x0000000085300000, 0x00000000d5580000)
  object space 84992K, 99% used [0x0000000080000000,0x00000000852c1398,0x0000000085300000)
 Metaspace       used 58428K, committed 59776K, reserved 1114112K
  class space    used 6278K, committed 6848K, reserved 1048576K
}
Event: 22.741 GC heap after
{Heap after GC invocations=94 (full 2):
 PSYoungGen      total 13824K, used 596K [0x00000000d5580000, 0x00000000d6480000, 0x0000000100000000)
  eden space 12800K, 0% used [0x00000000d5580000,0x00000000d5580000,0x00000000d6200000)
  from space 1024K, 58% used [0x00000000d6380000,0x00000000d6415348,0x00000000d6480000)
  to   space 1024K, 0% used [0x00000000d6200000,0x00000000d6200000,0x00000000d6300000)
 ParOldGen       total 85504K, used 85501K [0x0000000080000000, 0x0000000085380000, 0x00000000d5580000)
  object space 85504K, 99% used [0x0000000080000000,0x000000008537f428,0x0000000085380000)
 Metaspace       used 58428K, committed 59776K, reserved 1114112K
  class space    used 6278K, committed 6848K, reserved 1048576K
}
Event: 22.741 GC heap before
{Heap before GC invocations=95 (full 3):
 PSYoungGen      total 13824K, used 596K [0x00000000d5580000, 0x00000000d6480000, 0x0000000100000000)
  eden space 12800K, 0% used [0x00000000d5580000,0x00000000d5580000,0x00000000d6200000)
  from space 1024K, 58% used [0x00000000d6380000,0x00000000d6415348,0x00000000d6480000)
  to   space 1024K, 0% used [0x00000000d6200000,0x00000000d6200000,0x00000000d6300000)
 ParOldGen       total 85504K, used 85501K [0x0000000080000000, 0x0000000085380000, 0x00000000d5580000)
  object space 85504K, 99% used [0x0000000080000000,0x000000008537f428,0x0000000085380000)
 Metaspace       used 58428K, committed 59776K, reserved 1114112K
  class space    used 6278K, committed 6848K, reserved 1048576K
}
Event: 23.094 GC heap after
{Heap after GC invocations=95 (full 3):
 PSYoungGen      total 13824K, used 0K [0x00000000d5580000, 0x00000000d6480000, 0x0000000100000000)
  eden space 12800K, 0% used [0x00000000d5580000,0x00000000d5580000,0x00000000d6200000)
  from space 1024K, 0% used [0x00000000d6380000,0x00000000d6380000,0x00000000d6480000)
  to   space 1024K, 0% used [0x00000000d6200000,0x00000000d6200000,0x00000000d6300000)
 ParOldGen       total 85504K, used 60862K [0x0000000080000000, 0x0000000085380000, 0x00000000d5580000)
  object space 85504K, 71% used [0x0000000080000000,0x0000000083b6f830,0x0000000085380000)
 Metaspace       used 58426K, committed 59776K, reserved 1114112K
  class space    used 6278K, committed 6848K, reserved 1048576K
}
Event: 23.762 GC heap before
{Heap before GC invocations=96 (full 3):
 PSYoungGen      total 13824K, used 12800K [0x00000000d5580000, 0x00000000d6480000, 0x0000000100000000)
  eden space 12800K, 100% used [0x00000000d5580000,0x00000000d6200000,0x00000000d6200000)
  from space 1024K, 0% used [0x00000000d6380000,0x00000000d6380000,0x00000000d6480000)
  to   space 1024K, 0% used [0x00000000d6200000,0x00000000d6200000,0x00000000d6300000)
 ParOldGen       total 85504K, used 60862K [0x0000000080000000, 0x0000000085380000, 0x00000000d5580000)
  object space 85504K, 71% used [0x0000000080000000,0x0000000083b6f830,0x0000000085380000)
 Metaspace       used 59092K, committed 60416K, reserved 1114112K
  class space    used 6352K, committed 6912K, reserved 1048576K
}
Event: 23.779 GC heap after
{Heap after GC invocations=96 (full 3):
 PSYoungGen      total 13824K, used 836K [0x00000000d5580000, 0x00000000d6400000, 0x0000000100000000)
  eden space 12800K, 0% used [0x00000000d5580000,0x00000000d5580000,0x00000000d6200000)
  from space 1024K, 81% used [0x00000000d6200000,0x00000000d62d1100,0x00000000d6300000)
  to   space 1024K, 0% used [0x00000000d6300000,0x00000000d6300000,0x00000000d6400000)
 ParOldGen       total 85504K, used 60870K [0x0000000080000000, 0x0000000085380000, 0x00000000d5580000)
  object space 85504K, 71% used [0x0000000080000000,0x0000000083b71830,0x0000000085380000)
 Metaspace       used 59092K, committed 60416K, reserved 1114112K
  class space    used 6352K, committed 6912K, reserved 1048576K
}

